<?xml version="1.0" encoding="UTF-8" ?>
<testsuite errors="297" failures="0" hostname="Adams-MBP.lan" name="net.sf.freecol.AllTests" skipped="0" tests="430" time="10.862" timestamp="2017-05-16T03:26:41">
  <properties>
[...]
</properties>
  <testcase classname="net.sf.freecol.common.i18n.CLDRTest" name="testRuleParsing" time="0.056" />
  <testcase classname="net.sf.freecol.common.i18n.CLDRTest" name="testPlurals" time="0.003" />
  <testcase classname="net.sf.freecol.common.i18n.MessagesTest" name="testReplaceArbitraryTag" time="0.037" />
  <testcase classname="net.sf.freecol.common.i18n.MessagesTest" name="testReplaceNumber" time="0.045" />
  <testcase classname="net.sf.freecol.common.i18n.MessagesTest" name="testReplaceChoicesGrammar" time="0.029" />
  <testcase classname="net.sf.freecol.common.i18n.MessagesTest" name="testMessageWithSpecialChars" time="0.031" />
  <testcase classname="net.sf.freecol.common.i18n.MessagesTest" name="testReplaceGarbage" time="0.039" />
  <testcase classname="net.sf.freecol.common.i18n.MessagesTest" name="testAbstractUnitDescription" time="0.018" />
  <testcase classname="net.sf.freecol.common.i18n.MessagesTest" name="testChangeLocaleSettings" time="0.136" />
  <testcase classname="net.sf.freecol.common.i18n.MessagesTest" name="testMessageString" time="0.031" />
  <testcase classname="net.sf.freecol.common.i18n.MessagesTest" name="testNestedChoices" time="0.029" />
  <testcase classname="net.sf.freecol.common.i18n.MessagesTest" name="testStringTemplates" time="0.084">
    <error type="java.lang.NullPointerException">java.lang.NullPointerException
	at net.sf.freecol.common.model.Player.getUnits(Player.java:1833)
	at net.sf.freecol.common.model.Player$UnitIterator.update(Player.java:218)
	at net.sf.freecol.common.model.Player$UnitIterator.&lt;init&gt;(Player.java:208)
	at net.sf.freecol.common.model.Player.&lt;init&gt;(Player.java:342)
	at net.sf.freecol.server.model.ServerPlayer.&lt;init&gt;(ServerPlayer.java:179)
	at net.sf.freecol.util.test.FreeColTestCase.getStandardGame(FreeColTestCase.java:173)
	at net.sf.freecol.util.test.FreeColTestCase.getStandardGame(FreeColTestCase.java:149)
	at net.sf.freecol.util.test.FreeColTestCase.getGame(FreeColTestCase.java:100)
	at net.sf.freecol.common.i18n.MessagesTest.testStringTemplates(MessagesTest.java:160)
	at junit.extensions.TestDecorator.basicRun(TestDecorator.java:23)
	at junit.extensions.TestSetup$1.protect(TestSetup.java:23)
	at junit.extensions.TestSetup.run(TestSetup.java:27)
</error>
  </testcase>
  <testcase classname="net.sf.freecol.common.i18n.MessagesTest" name="testReplaceChoicesPlural" time="0.018" />
  <testcase classname="net.sf.freecol.common.i18n.MessagesTest" name="testUnitDescription" time="0.025">
    <error type="java.lang.NullPointerException">java.lang.NullPointerException
	at net.sf.freecol.common.model.Player.getUnits(Player.java:1833)
	at net.sf.freecol.common.model.Player$UnitIterator.update(Player.java:218)
	at net.sf.freecol.common.model.Player$UnitIterator.&lt;init&gt;(Player.java:208)
	at net.sf.freecol.common.model.Player.&lt;init&gt;(Player.java:342)
	at net.sf.freecol.server.model.ServerPlayer.&lt;init&gt;(ServerPlayer.java:179)
	at net.sf.freecol.util.test.FreeColTestCase.getStandardGame(FreeColTestCase.java:173)
	at net.sf.freecol.util.test.FreeColTestCase.getStandardGame(FreeColTestCase.java:149)
	at net.sf.freecol.common.i18n.MessagesTest.testUnitDescription(MessagesTest.java:403)
	at junit.extensions.TestDecorator.basicRun(TestDecorator.java:23)
	at junit.extensions.TestSetup$1.protect(TestSetup.java:23)
	at junit.extensions.TestSetup.run(TestSetup.java:27)
</error>
  </testcase>
  <testcase classname="net.sf.freecol.common.i18n.MessagesTest" name="testREFMessages" time="0.014" />
  <testcase classname="net.sf.freecol.common.io.ModTest" name="testGetRuleSets" time="0.002" />
  <testcase classname="net.sf.freecol.common.io.ModTest" name="testGetAllMods" time="0.018" />
  <testcase classname="net.sf.freecol.common.option.OptionTest" name="testGameOptions" time="0.002" />
  <testcase classname="net.sf.freecol.common.option.OptionTest" name="testUnitListOption" time="0.001" />
  <testcase classname="net.sf.freecol.common.option.OptionTest" name="testInheritsEditable" time="0.0" />
  <testcase classname="net.sf.freecol.common.option.OptionTest" name="testCloneIntegerOption" time="0.0" />
  <testcase classname="net.sf.freecol.common.model.SpecificationTest" name="testExtendsDelete" time="0.084" />
  <testcase classname="net.sf.freecol.common.model.SpecificationTest" name="testLoadMods" time="0.032" />
  <testcase classname="net.sf.freecol.common.model.SpecificationTest" name="testExtends" time="0.08" />
  <testcase classname="net.sf.freecol.common.model.SpecificationTest" name="testModifiers" time="0.0" />
  <testcase classname="net.sf.freecol.common.model.SpecificationTest" name="testLoad" time="0.075" />
  <testcase classname="net.sf.freecol.common.model.SpecificationTest" name="testNationTypes" time="0.0" />
  <testcase classname="net.sf.freecol.common.model.SpecificationTest" name="testGetDefaultUnitType" time="0.004" />
  <testcase classname="net.sf.freecol.common.model.SpecificationTest" name="testGoodsTypes" time="0.001" />
  <testcase classname="net.sf.freecol.common.model.SpecificationTest" name="testFoundingFathers" time="0.001" />
  <testcase classname="net.sf.freecol.common.model.SpecificationTest" name="testRequiredAbilitiesForRoles" time="0.001" />
  <testcase classname="net.sf.freecol.common.model.SpecificationTest" name="testNations" time="0.0" />
  <testcase classname="net.sf.freecol.common.model.SpecificationTest" name="testUnitAbilities" time="0.0" />
  <testcase classname="net.sf.freecol.common.model.BaseCostDeciderTest" name="testNavalUnitMoveToTileWithSettlement" time="0.03">
    <error type="java.lang.NullPointerException">java.lang.NullPointerException
	at net.sf.freecol.common.model.Player.getUnits(Player.java:1833)
	at net.sf.freecol.common.model.Player$UnitIterator.update(Player.java:218)
	at net.sf.freecol.common.model.Player$UnitIterator.&lt;init&gt;(Player.java:208)
	at net.sf.freecol.common.model.Player.&lt;init&gt;(Player.java:342)
	at net.sf.freecol.server.model.ServerPlayer.&lt;init&gt;(ServerPlayer.java:179)
	at net.sf.freecol.util.test.FreeColTestCase.getStandardGame(FreeColTestCase.java:173)
	at net.sf.freecol.util.test.FreeColTestCase.getStandardGame(FreeColTestCase.java:149)
	at net.sf.freecol.common.model.BaseCostDeciderTest.setUp(BaseCostDeciderTest.java:53)
	at junit.extensions.TestDecorator.basicRun(TestDecorator.java:23)
	at junit.extensions.TestSetup$1.protect(TestSetup.java:23)
	at junit.extensions.TestSetup.run(TestSetup.java:27)
</error>
  </testcase>
  <testcase classname="net.sf.freecol.common.model.BaseCostDeciderTest" name="testInvalidMoveThroughTileWithSettlement" time="0.002">
    <error type="java.lang.NullPointerException">java.lang.NullPointerException
	at net.sf.freecol.common.model.Player.getUnits(Player.java:1833)
	at net.sf.freecol.common.model.Player$UnitIterator.update(Player.java:218)
	at net.sf.freecol.common.model.Player$UnitIterator.&lt;init&gt;(Player.java:208)
	at net.sf.freecol.common.model.Player.&lt;init&gt;(Player.java:342)
	at net.sf.freecol.server.model.ServerPlayer.&lt;init&gt;(ServerPlayer.java:179)
	at net.sf.freecol.util.test.FreeColTestCase.getStandardGame(FreeColTestCase.java:173)
	at net.sf.freecol.util.test.FreeColTestCase.getStandardGame(FreeColTestCase.java:149)
	at net.sf.freecol.common.model.BaseCostDeciderTest.setUp(BaseCostDeciderTest.java:53)
	at junit.extensions.TestDecorator.basicRun(TestDecorator.java:23)
	at junit.extensions.TestSetup$1.protect(TestSetup.java:23)
	at junit.extensions.TestSetup.run(TestSetup.java:27)
</error>
  </testcase>
  <testcase classname="net.sf.freecol.common.model.BaseCostDeciderTest" name="testGetRemainingMovesAndNewTurn" time="0.004">
    <error type="java.lang.NullPointerException">java.lang.NullPointerException
	at net.sf.freecol.common.model.Player.getUnits(Player.java:1833)
	at net.sf.freecol.common.model.Player$UnitIterator.update(Player.java:218)
	at net.sf.freecol.common.model.Player$UnitIterator.&lt;init&gt;(Player.java:208)
	at net.sf.freecol.common.model.Player.&lt;init&gt;(Player.java:342)
	at net.sf.freecol.server.model.ServerPlayer.&lt;init&gt;(ServerPlayer.java:179)
	at net.sf.freecol.util.test.FreeColTestCase.getStandardGame(FreeColTestCase.java:173)
	at net.sf.freecol.util.test.FreeColTestCase.getStandardGame(FreeColTestCase.java:149)
	at net.sf.freecol.common.model.BaseCostDeciderTest.setUp(BaseCostDeciderTest.java:53)
	at junit.extensions.TestDecorator.basicRun(TestDecorator.java:23)
	at junit.extensions.TestSetup$1.protect(TestSetup.java:23)
	at junit.extensions.TestSetup.run(TestSetup.java:27)
</error>
  </testcase>
  <testcase classname="net.sf.freecol.common.model.BaseCostDeciderTest" name="testGetCostLandLand" time="0.002">
    <error type="java.lang.NullPointerException">java.lang.NullPointerException
	at net.sf.freecol.common.model.Player.getUnits(Player.java:1833)
	at net.sf.freecol.common.model.Player$UnitIterator.update(Player.java:218)
	at net.sf.freecol.common.model.Player$UnitIterator.&lt;init&gt;(Player.java:208)
	at net.sf.freecol.common.model.Player.&lt;init&gt;(Player.java:342)
	at net.sf.freecol.server.model.ServerPlayer.&lt;init&gt;(ServerPlayer.java:179)
	at net.sf.freecol.util.test.FreeColTestCase.getStandardGame(FreeColTestCase.java:173)
	at net.sf.freecol.util.test.FreeColTestCase.getStandardGame(FreeColTestCase.java:149)
	at net.sf.freecol.common.model.BaseCostDeciderTest.setUp(BaseCostDeciderTest.java:53)
	at junit.extensions.TestDecorator.basicRun(TestDecorator.java:23)
	at junit.extensions.TestSetup$1.protect(TestSetup.java:23)
	at junit.extensions.TestSetup.run(TestSetup.java:27)
</error>
  </testcase>
  <testcase classname="net.sf.freecol.common.model.BaseCostDeciderTest" name="testInvalidMoveOfLandUnitToAnOceanTile" time="0.005">
    <error type="java.lang.NullPointerException">java.lang.NullPointerException
	at net.sf.freecol.common.model.Player.getUnits(Player.java:1833)
	at net.sf.freecol.common.model.Player$UnitIterator.update(Player.java:218)
	at net.sf.freecol.common.model.Player$UnitIterator.&lt;init&gt;(Player.java:208)
	at net.sf.freecol.common.model.Player.&lt;init&gt;(Player.java:342)
	at net.sf.freecol.server.model.ServerPlayer.&lt;init&gt;(ServerPlayer.java:179)
	at net.sf.freecol.util.test.FreeColTestCase.getStandardGame(FreeColTestCase.java:173)
	at net.sf.freecol.util.test.FreeColTestCase.getStandardGame(FreeColTestCase.java:149)
	at net.sf.freecol.common.model.BaseCostDeciderTest.setUp(BaseCostDeciderTest.java:53)
	at junit.extensions.TestDecorator.basicRun(TestDecorator.java:23)
	at junit.extensions.TestSetup$1.protect(TestSetup.java:23)
	at junit.extensions.TestSetup.run(TestSetup.java:27)
</error>
  </testcase>
  <testcase classname="net.sf.freecol.common.model.BaseCostDeciderTest" name="testInvalidMoveOfNavalUnitToALandTile" time="0.007">
    <error type="java.lang.NullPointerException">java.lang.NullPointerException
	at net.sf.freecol.common.model.Player.getUnits(Player.java:1833)
	at net.sf.freecol.common.model.Player$UnitIterator.update(Player.java:218)
	at net.sf.freecol.common.model.Player$UnitIterator.&lt;init&gt;(Player.java:208)
	at net.sf.freecol.common.model.Player.&lt;init&gt;(Player.java:342)
	at net.sf.freecol.server.model.ServerPlayer.&lt;init&gt;(ServerPlayer.java:179)
	at net.sf.freecol.util.test.FreeColTestCase.getStandardGame(FreeColTestCase.java:173)
	at net.sf.freecol.util.test.FreeColTestCase.getStandardGame(FreeColTestCase.java:149)
	at net.sf.freecol.common.model.BaseCostDeciderTest.setUp(BaseCostDeciderTest.java:53)
	at junit.extensions.TestDecorator.basicRun(TestDecorator.java:23)
	at junit.extensions.TestSetup$1.protect(TestSetup.java:23)
	at junit.extensions.TestSetup.run(TestSetup.java:27)
</error>
  </testcase>
  <testcase classname="net.sf.freecol.common.model.BuildingTest" name="testStockade" time="0.057">
    <error message="Default Player model.nation.dutch not in game" type="java.lang.IllegalArgumentException">java.lang.IllegalArgumentException: Default Player model.nation.dutch not in game
	at net.sf.freecol.util.test.FreeColTestUtils$ColonyBuilder.build(FreeColTestUtils.java:139)
	at net.sf.freecol.util.test.FreeColTestCase.getStandardColony(FreeColTestCase.java:325)
	at net.sf.freecol.util.test.FreeColTestCase.getStandardColony(FreeColTestCase.java:302)
	at net.sf.freecol.common.model.BuildingTest.testStockade(BuildingTest.java:565)
	at junit.extensions.TestDecorator.basicRun(TestDecorator.java:23)
	at junit.extensions.TestSetup$1.protect(TestSetup.java:23)
	at junit.extensions.TestSetup.run(TestSetup.java:27)
</error>
  </testcase>
  <testcase classname="net.sf.freecol.common.model.BuildingTest" name="testCottonClothProduction" time="0.001">
    <error type="java.lang.NullPointerException">java.lang.NullPointerException
	at net.sf.freecol.common.model.Player.getUnits(Player.java:1833)
	at net.sf.freecol.common.model.Player$UnitIterator.update(Player.java:218)
	at net.sf.freecol.common.model.Player$UnitIterator.&lt;init&gt;(Player.java:208)
	at net.sf.freecol.common.model.Player.&lt;init&gt;(Player.java:342)
	at net.sf.freecol.server.model.ServerPlayer.&lt;init&gt;(ServerPlayer.java:179)
	at net.sf.freecol.util.test.FreeColTestCase.getStandardGame(FreeColTestCase.java:173)
	at net.sf.freecol.util.test.FreeColTestCase.getStandardGame(FreeColTestCase.java:149)
	at net.sf.freecol.util.test.FreeColTestCase.getGame(FreeColTestCase.java:100)
	at net.sf.freecol.common.model.BuildingTest.testCottonClothProduction(BuildingTest.java:598)
	at junit.extensions.TestDecorator.basicRun(TestDecorator.java:23)
	at junit.extensions.TestSetup$1.protect(TestSetup.java:23)
	at junit.extensions.TestSetup.run(TestSetup.java:27)
</error>
  </testcase>
  <testcase classname="net.sf.freecol.common.model.BuildingTest" name="testPasture" time="0.001">
    <error type="java.lang.NullPointerException">java.lang.NullPointerException
	at net.sf.freecol.common.model.Player.getUnits(Player.java:1833)
	at net.sf.freecol.common.model.Player$UnitIterator.update(Player.java:218)
	at net.sf.freecol.common.model.Player$UnitIterator.&lt;init&gt;(Player.java:208)
	at net.sf.freecol.common.model.Player.&lt;init&gt;(Player.java:342)
	at net.sf.freecol.server.model.ServerPlayer.&lt;init&gt;(ServerPlayer.java:179)
	at net.sf.freecol.util.test.FreeColTestCase.getStandardGame(FreeColTestCase.java:173)
	at net.sf.freecol.util.test.FreeColTestCase.getStandardGame(FreeColTestCase.java:149)
	at net.sf.freecol.util.test.FreeColTestCase.getGame(FreeColTestCase.java:100)
	at net.sf.freecol.common.model.BuildingTest.testPasture(BuildingTest.java:636)
	at junit.extensions.TestDecorator.basicRun(TestDecorator.java:23)
	at junit.extensions.TestSetup$1.protect(TestSetup.java:23)
	at junit.extensions.TestSetup.run(TestSetup.java:27)
</error>
  </testcase>
  <testcase classname="net.sf.freecol.common.model.BuildingTest" name="testCanBuildNext" time="0.001">
    <error type="java.lang.NullPointerException">java.lang.NullPointerException
	at net.sf.freecol.common.model.Player.getUnits(Player.java:1833)
	at net.sf.freecol.common.model.Player$UnitIterator.update(Player.java:218)
	at net.sf.freecol.common.model.Player$UnitIterator.&lt;init&gt;(Player.java:208)
	at net.sf.freecol.common.model.Player.&lt;init&gt;(Player.java:342)
	at net.sf.freecol.server.model.ServerPlayer.&lt;init&gt;(ServerPlayer.java:179)
	at net.sf.freecol.util.test.FreeColTestCase.getStandardGame(FreeColTestCase.java:173)
	at net.sf.freecol.util.test.FreeColTestCase.getStandardGame(FreeColTestCase.java:149)
	at net.sf.freecol.util.test.FreeColTestCase.getGame(FreeColTestCase.java:100)
	at net.sf.freecol.common.model.BuildingTest.testCanBuildNext(BuildingTest.java:125)
	at junit.extensions.TestDecorator.basicRun(TestDecorator.java:23)
	at junit.extensions.TestSetup$1.protect(TestSetup.java:23)
	at junit.extensions.TestSetup.run(TestSetup.java:27)
</error>
  </testcase>
  <testcase classname="net.sf.freecol.common.model.BuildingTest" name="testFortRequiresMinimumPopulation" time="0.001">
    <error type="java.lang.NullPointerException">java.lang.NullPointerException
	at net.sf.freecol.common.model.Player.getUnits(Player.java:1833)
	at net.sf.freecol.common.model.Player$UnitIterator.update(Player.java:218)
	at net.sf.freecol.common.model.Player$UnitIterator.&lt;init&gt;(Player.java:208)
	at net.sf.freecol.common.model.Player.&lt;init&gt;(Player.java:342)
	at net.sf.freecol.server.model.ServerPlayer.&lt;init&gt;(ServerPlayer.java:179)
	at net.sf.freecol.util.test.FreeColTestCase.getStandardGame(FreeColTestCase.java:173)
	at net.sf.freecol.util.test.FreeColTestCase.getStandardGame(FreeColTestCase.java:149)
	at net.sf.freecol.util.test.FreeColTestCase.getGame(FreeColTestCase.java:100)
	at net.sf.freecol.common.model.BuildingTest.testFortRequiresMinimumPopulation(BuildingTest.java:169)
	at junit.extensions.TestDecorator.basicRun(TestDecorator.java:23)
	at junit.extensions.TestSetup$1.protect(TestSetup.java:23)
	at junit.extensions.TestSetup.run(TestSetup.java:27)
</error>
  </testcase>
  <testcase classname="net.sf.freecol.common.model.BuildingTest" name="testUnitProduction" time="0.001">
    <error type="java.lang.NullPointerException">java.lang.NullPointerException
	at net.sf.freecol.common.model.Player.getUnits(Player.java:1833)
	at net.sf.freecol.common.model.Player$UnitIterator.update(Player.java:218)
	at net.sf.freecol.common.model.Player$UnitIterator.&lt;init&gt;(Player.java:208)
	at net.sf.freecol.common.model.Player.&lt;init&gt;(Player.java:342)
	at net.sf.freecol.server.model.ServerPlayer.&lt;init&gt;(ServerPlayer.java:179)
	at net.sf.freecol.util.test.FreeColTestCase.getStandardGame(FreeColTestCase.java:173)
	at net.sf.freecol.util.test.FreeColTestCase.getStandardGame(FreeColTestCase.java:149)
	at net.sf.freecol.util.test.FreeColTestCase.getGame(FreeColTestCase.java:100)
	at net.sf.freecol.common.model.BuildingTest.testUnitProduction(BuildingTest.java:859)
	at junit.extensions.TestDecorator.basicRun(TestDecorator.java:23)
	at junit.extensions.TestSetup$1.protect(TestSetup.java:23)
	at junit.extensions.TestSetup.run(TestSetup.java:27)
</error>
  </testcase>
  <testcase classname="net.sf.freecol.common.model.BuildingTest" name="testPrintingPressBonus" time="0.001">
    <error type="java.lang.NullPointerException">java.lang.NullPointerException
	at net.sf.freecol.common.model.Player.getUnits(Player.java:1833)
	at net.sf.freecol.common.model.Player$UnitIterator.update(Player.java:218)
	at net.sf.freecol.common.model.Player$UnitIterator.&lt;init&gt;(Player.java:208)
	at net.sf.freecol.common.model.Player.&lt;init&gt;(Player.java:342)
	at net.sf.freecol.server.model.ServerPlayer.&lt;init&gt;(ServerPlayer.java:179)
	at net.sf.freecol.util.test.FreeColTestCase.getStandardGame(FreeColTestCase.java:173)
	at net.sf.freecol.util.test.FreeColTestCase.getStandardGame(FreeColTestCase.java:149)
	at net.sf.freecol.util.test.FreeColTestCase.getGame(FreeColTestCase.java:100)
	at net.sf.freecol.common.model.BuildingTest.testPrintingPressBonus(BuildingTest.java:801)
	at junit.extensions.TestDecorator.basicRun(TestDecorator.java:23)
	at junit.extensions.TestSetup$1.protect(TestSetup.java:23)
	at junit.extensions.TestSetup.run(TestSetup.java:27)
</error>
  </testcase>
  <testcase classname="net.sf.freecol.common.model.BuildingTest" name="testCanAddToBuilding" time="0.001">
    <error type="java.lang.NullPointerException">java.lang.NullPointerException
	at net.sf.freecol.common.model.Player.getUnits(Player.java:1833)
	at net.sf.freecol.common.model.Player$UnitIterator.update(Player.java:218)
	at net.sf.freecol.common.model.Player$UnitIterator.&lt;init&gt;(Player.java:208)
	at net.sf.freecol.common.model.Player.&lt;init&gt;(Player.java:342)
	at net.sf.freecol.server.model.ServerPlayer.&lt;init&gt;(ServerPlayer.java:179)
	at net.sf.freecol.util.test.FreeColTestCase.getStandardGame(FreeColTestCase.java:173)
	at net.sf.freecol.util.test.FreeColTestCase.getStandardGame(FreeColTestCase.java:149)
	at net.sf.freecol.util.test.FreeColTestCase.getGame(FreeColTestCase.java:100)
	at net.sf.freecol.common.model.BuildingTest.testCanAddToBuilding(BuildingTest.java:368)
	at junit.extensions.TestDecorator.basicRun(TestDecorator.java:23)
	at junit.extensions.TestSetup$1.protect(TestSetup.java:23)
	at junit.extensions.TestSetup.run(TestSetup.java:27)
</error>
  </testcase>
  <testcase classname="net.sf.freecol.common.model.BuildingTest" name="testToolsMusketProduction" time="0.001">
    <error type="java.lang.NullPointerException">java.lang.NullPointerException
	at net.sf.freecol.common.model.Player.getUnits(Player.java:1833)
	at net.sf.freecol.common.model.Player$UnitIterator.update(Player.java:218)
	at net.sf.freecol.common.model.Player$UnitIterator.&lt;init&gt;(Player.java:208)
	at net.sf.freecol.common.model.Player.&lt;init&gt;(Player.java:342)
	at net.sf.freecol.server.model.ServerPlayer.&lt;init&gt;(ServerPlayer.java:179)
	at net.sf.freecol.util.test.FreeColTestCase.getStandardGame(FreeColTestCase.java:173)
	at net.sf.freecol.util.test.FreeColTestCase.getStandardGame(FreeColTestCase.java:149)
	at net.sf.freecol.util.test.FreeColTestCase.getGame(FreeColTestCase.java:100)
	at net.sf.freecol.common.model.BuildingTest.testToolsMusketProduction(BuildingTest.java:898)
	at junit.extensions.TestDecorator.basicRun(TestDecorator.java:23)
	at junit.extensions.TestSetup$1.protect(TestSetup.java:23)
	at junit.extensions.TestSetup.run(TestSetup.java:27)
</error>
  </testcase>
  <testcase classname="net.sf.freecol.common.model.BuildingTest" name="testFortressRequiresMinimumPopulation" time="0.001">
    <error type="java.lang.NullPointerException">java.lang.NullPointerException
	at net.sf.freecol.common.model.Player.getUnits(Player.java:1833)
	at net.sf.freecol.common.model.Player$UnitIterator.update(Player.java:218)
	at net.sf.freecol.common.model.Player$UnitIterator.&lt;init&gt;(Player.java:208)
	at net.sf.freecol.common.model.Player.&lt;init&gt;(Player.java:342)
	at net.sf.freecol.server.model.ServerPlayer.&lt;init&gt;(ServerPlayer.java:179)
	at net.sf.freecol.util.test.FreeColTestCase.getStandardGame(FreeColTestCase.java:173)
	at net.sf.freecol.util.test.FreeColTestCase.getStandardGame(FreeColTestCase.java:149)
	at net.sf.freecol.util.test.FreeColTestCase.getGame(FreeColTestCase.java:100)
	at net.sf.freecol.common.model.BuildingTest.testFortressRequiresMinimumPopulation(BuildingTest.java:184)
	at junit.extensions.TestDecorator.basicRun(TestDecorator.java:23)
	at junit.extensions.TestSetup$1.protect(TestSetup.java:23)
	at junit.extensions.TestSetup.run(TestSetup.java:27)
</error>
  </testcase>
  <testcase classname="net.sf.freecol.common.model.BuildingTest" name="testSerialize" time="0.001">
    <error type="java.lang.NullPointerException">java.lang.NullPointerException
	at net.sf.freecol.common.model.Player.getUnits(Player.java:1833)
	at net.sf.freecol.common.model.Player$UnitIterator.update(Player.java:218)
	at net.sf.freecol.common.model.Player$UnitIterator.&lt;init&gt;(Player.java:208)
	at net.sf.freecol.common.model.Player.&lt;init&gt;(Player.java:342)
	at net.sf.freecol.server.model.ServerPlayer.&lt;init&gt;(ServerPlayer.java:179)
	at net.sf.freecol.util.test.FreeColTestCase.getStandardGame(FreeColTestCase.java:173)
	at net.sf.freecol.util.test.FreeColTestCase.getStandardGame(FreeColTestCase.java:149)
	at net.sf.freecol.util.test.FreeColTestCase.getGame(FreeColTestCase.java:100)
	at net.sf.freecol.common.model.BuildingTest.testSerialize(BuildingTest.java:539)
	at junit.extensions.TestDecorator.basicRun(TestDecorator.java:23)
	at junit.extensions.TestSetup$1.protect(TestSetup.java:23)
	at junit.extensions.TestSetup.run(TestSetup.java:27)
</error>
  </testcase>
  <testcase classname="net.sf.freecol.common.model.BuildingTest" name="testTownhallProduction" time="0.001">
    <error type="java.lang.NullPointerException">java.lang.NullPointerException
	at net.sf.freecol.common.model.Player.getUnits(Player.java:1833)
	at net.sf.freecol.common.model.Player$UnitIterator.update(Player.java:218)
	at net.sf.freecol.common.model.Player$UnitIterator.&lt;init&gt;(Player.java:208)
	at net.sf.freecol.common.model.Player.&lt;init&gt;(Player.java:342)
	at net.sf.freecol.server.model.ServerPlayer.&lt;init&gt;(ServerPlayer.java:179)
	at net.sf.freecol.util.test.FreeColTestCase.getStandardGame(FreeColTestCase.java:173)
	at net.sf.freecol.util.test.FreeColTestCase.getStandardGame(FreeColTestCase.java:149)
	at net.sf.freecol.util.test.FreeColTestCase.getGame(FreeColTestCase.java:100)
	at net.sf.freecol.common.model.BuildingTest.testTownhallProduction(BuildingTest.java:705)
	at junit.extensions.TestDecorator.basicRun(TestDecorator.java:23)
	at junit.extensions.TestSetup$1.protect(TestSetup.java:23)
	at junit.extensions.TestSetup.run(TestSetup.java:27)
</error>
  </testcase>
  <testcase classname="net.sf.freecol.common.model.BuildingTest" name="testChurch" time="0.001">
    <error type="java.lang.NullPointerException">java.lang.NullPointerException
	at net.sf.freecol.common.model.Player.getUnits(Player.java:1833)
	at net.sf.freecol.common.model.Player$UnitIterator.update(Player.java:218)
	at net.sf.freecol.common.model.Player$UnitIterator.&lt;init&gt;(Player.java:208)
	at net.sf.freecol.common.model.Player.&lt;init&gt;(Player.java:342)
	at net.sf.freecol.server.model.ServerPlayer.&lt;init&gt;(ServerPlayer.java:179)
	at net.sf.freecol.util.test.FreeColTestCase.getStandardGame(FreeColTestCase.java:173)
	at net.sf.freecol.util.test.FreeColTestCase.getStandardGame(FreeColTestCase.java:149)
	at net.sf.freecol.util.test.FreeColTestCase.getGame(FreeColTestCase.java:100)
	at net.sf.freecol.common.model.BuildingTest.testChurch(BuildingTest.java:221)
	at junit.extensions.TestDecorator.basicRun(TestDecorator.java:23)
	at junit.extensions.TestSetup$1.protect(TestSetup.java:23)
	at junit.extensions.TestSetup.run(TestSetup.java:27)
</error>
  </testcase>
  <testcase classname="net.sf.freecol.common.model.BuildingTest" name="testInitialColony" time="0.001">
    <error type="java.lang.NullPointerException">java.lang.NullPointerException
	at net.sf.freecol.common.model.Player.getUnits(Player.java:1833)
	at net.sf.freecol.common.model.Player$UnitIterator.update(Player.java:218)
	at net.sf.freecol.common.model.Player$UnitIterator.&lt;init&gt;(Player.java:208)
	at net.sf.freecol.common.model.Player.&lt;init&gt;(Player.java:342)
	at net.sf.freecol.server.model.ServerPlayer.&lt;init&gt;(ServerPlayer.java:179)
	at net.sf.freecol.util.test.FreeColTestCase.getStandardGame(FreeColTestCase.java:173)
	at net.sf.freecol.util.test.FreeColTestCase.getStandardGame(FreeColTestCase.java:149)
	at net.sf.freecol.util.test.FreeColTestCase.getGame(FreeColTestCase.java:100)
	at net.sf.freecol.common.model.BuildingTest.testInitialColony(BuildingTest.java:202)
	at junit.extensions.TestDecorator.basicRun(TestDecorator.java:23)
	at junit.extensions.TestSetup$1.protect(TestSetup.java:23)
	at junit.extensions.TestSetup.run(TestSetup.java:27)
</error>
  </testcase>
  <testcase classname="net.sf.freecol.common.model.BuildingTest" name="testStockadeRequiresMinimumPopulation" time="0.001">
    <error type="java.lang.NullPointerException">java.lang.NullPointerException
	at net.sf.freecol.common.model.Player.getUnits(Player.java:1833)
	at net.sf.freecol.common.model.Player$UnitIterator.update(Player.java:218)
	at net.sf.freecol.common.model.Player$UnitIterator.&lt;init&gt;(Player.java:208)
	at net.sf.freecol.common.model.Player.&lt;init&gt;(Player.java:342)
	at net.sf.freecol.server.model.ServerPlayer.&lt;init&gt;(ServerPlayer.java:179)
	at net.sf.freecol.util.test.FreeColTestCase.getStandardGame(FreeColTestCase.java:173)
	at net.sf.freecol.util.test.FreeColTestCase.getStandardGame(FreeColTestCase.java:149)
	at net.sf.freecol.util.test.FreeColTestCase.getGame(FreeColTestCase.java:100)
	at net.sf.freecol.common.model.BuildingTest.testStockadeRequiresMinimumPopulation(BuildingTest.java:155)
	at junit.extensions.TestDecorator.basicRun(TestDecorator.java:23)
	at junit.extensions.TestSetup$1.protect(TestSetup.java:23)
	at junit.extensions.TestSetup.run(TestSetup.java:27)
</error>
  </testcase>
  <testcase classname="net.sf.freecol.common.model.BuildingTest" name="testNewspaperBonus" time="0.001">
    <error type="java.lang.NullPointerException">java.lang.NullPointerException
	at net.sf.freecol.common.model.Player.getUnits(Player.java:1833)
	at net.sf.freecol.common.model.Player$UnitIterator.update(Player.java:218)
	at net.sf.freecol.common.model.Player$UnitIterator.&lt;init&gt;(Player.java:208)
	at net.sf.freecol.common.model.Player.&lt;init&gt;(Player.java:342)
	at net.sf.freecol.server.model.ServerPlayer.&lt;init&gt;(ServerPlayer.java:179)
	at net.sf.freecol.util.test.FreeColTestCase.getStandardGame(FreeColTestCase.java:173)
	at net.sf.freecol.util.test.FreeColTestCase.getStandardGame(FreeColTestCase.java:149)
	at net.sf.freecol.util.test.FreeColTestCase.getGame(FreeColTestCase.java:100)
	at net.sf.freecol.common.model.BuildingTest.testNewspaperBonus(BuildingTest.java:828)
	at junit.extensions.TestDecorator.basicRun(TestDecorator.java:23)
	at junit.extensions.TestSetup$1.protect(TestSetup.java:23)
	at junit.extensions.TestSetup.run(TestSetup.java:27)
</error>
  </testcase>
  <testcase classname="net.sf.freecol.common.model.BuildingTest" name="testCanAddToSchool" time="0.001">
    <error type="java.lang.NullPointerException">java.lang.NullPointerException
	at net.sf.freecol.common.model.Player.getUnits(Player.java:1833)
	at net.sf.freecol.common.model.Player$UnitIterator.update(Player.java:218)
	at net.sf.freecol.common.model.Player$UnitIterator.&lt;init&gt;(Player.java:208)
	at net.sf.freecol.common.model.Player.&lt;init&gt;(Player.java:342)
	at net.sf.freecol.server.model.ServerPlayer.&lt;init&gt;(ServerPlayer.java:179)
	at net.sf.freecol.util.test.FreeColTestCase.getStandardGame(FreeColTestCase.java:173)
	at net.sf.freecol.util.test.FreeColTestCase.getStandardGame(FreeColTestCase.java:149)
	at net.sf.freecol.util.test.FreeColTestCase.getGame(FreeColTestCase.java:100)
	at net.sf.freecol.common.model.BuildingTest.testCanAddToSchool(BuildingTest.java:412)
	at junit.extensions.TestDecorator.basicRun(TestDecorator.java:23)
	at junit.extensions.TestSetup$1.protect(TestSetup.java:23)
	at junit.extensions.TestSetup.run(TestSetup.java:27)
</error>
  </testcase>
  <testcase classname="net.sf.freecol.common.model.ColonyTest" name="testCopyColony" time="0.001">
    <error type="java.lang.NullPointerException">java.lang.NullPointerException
	at net.sf.freecol.common.model.Player.getUnits(Player.java:1833)
	at net.sf.freecol.common.model.Player$UnitIterator.update(Player.java:218)
	at net.sf.freecol.common.model.Player$UnitIterator.&lt;init&gt;(Player.java:208)
	at net.sf.freecol.common.model.Player.&lt;init&gt;(Player.java:342)
	at net.sf.freecol.server.model.ServerPlayer.&lt;init&gt;(ServerPlayer.java:179)
	at net.sf.freecol.util.test.FreeColTestCase.getStandardGame(FreeColTestCase.java:173)
	at net.sf.freecol.util.test.FreeColTestCase.getStandardGame(FreeColTestCase.java:149)
	at net.sf.freecol.util.test.FreeColTestCase.getGame(FreeColTestCase.java:100)
	at net.sf.freecol.common.model.ColonyTest.testCopyColony(ColonyTest.java:487)
	at junit.extensions.TestDecorator.basicRun(TestDecorator.java:23)
	at junit.extensions.TestSetup$1.protect(TestSetup.java:23)
	at junit.extensions.TestSetup.run(TestSetup.java:27)
</error>
  </testcase>
  <testcase classname="net.sf.freecol.common.model.ColonyTest" name="testFoundColony" time="0.001">
    <error type="java.lang.NullPointerException">java.lang.NullPointerException
	at net.sf.freecol.common.model.Player.getUnits(Player.java:1833)
	at net.sf.freecol.common.model.Player$UnitIterator.update(Player.java:218)
	at net.sf.freecol.common.model.Player$UnitIterator.&lt;init&gt;(Player.java:208)
	at net.sf.freecol.common.model.Player.&lt;init&gt;(Player.java:342)
	at net.sf.freecol.server.model.ServerPlayer.&lt;init&gt;(ServerPlayer.java:179)
	at net.sf.freecol.util.test.FreeColTestCase.getStandardGame(FreeColTestCase.java:173)
	at net.sf.freecol.util.test.FreeColTestCase.getStandardGame(FreeColTestCase.java:149)
	at net.sf.freecol.util.test.FreeColTestCase.getGame(FreeColTestCase.java:100)
	at net.sf.freecol.common.model.ColonyTest.testFoundColony(ColonyTest.java:297)
	at junit.extensions.TestDecorator.basicRun(TestDecorator.java:23)
	at junit.extensions.TestSetup$1.protect(TestSetup.java:23)
	at junit.extensions.TestSetup.run(TestSetup.java:27)
</error>
  </testcase>
  <testcase classname="net.sf.freecol.common.model.ColonyTest" name="testTeaParty" time="0.001">
    <error type="java.lang.NullPointerException">java.lang.NullPointerException
	at net.sf.freecol.common.model.Player.getUnits(Player.java:1833)
	at net.sf.freecol.common.model.Player$UnitIterator.update(Player.java:218)
	at net.sf.freecol.common.model.Player$UnitIterator.&lt;init&gt;(Player.java:208)
	at net.sf.freecol.common.model.Player.&lt;init&gt;(Player.java:342)
	at net.sf.freecol.server.model.ServerPlayer.&lt;init&gt;(ServerPlayer.java:179)
	at net.sf.freecol.util.test.FreeColTestCase.getStandardGame(FreeColTestCase.java:173)
	at net.sf.freecol.util.test.FreeColTestCase.getStandardGame(FreeColTestCase.java:149)
	at net.sf.freecol.util.test.FreeColTestCase.getGame(FreeColTestCase.java:100)
	at net.sf.freecol.common.model.ColonyTest.testTeaParty(ColonyTest.java:196)
	at junit.extensions.TestDecorator.basicRun(TestDecorator.java:23)
	at junit.extensions.TestSetup$1.protect(TestSetup.java:23)
	at junit.extensions.TestSetup.run(TestSetup.java:27)
</error>
  </testcase>
  <testcase classname="net.sf.freecol.common.model.ColonyTest" name="testAddUnitToColony" time="0.001">
    <error type="java.lang.NullPointerException">java.lang.NullPointerException
	at net.sf.freecol.common.model.Player.getUnits(Player.java:1833)
	at net.sf.freecol.common.model.Player$UnitIterator.update(Player.java:218)
	at net.sf.freecol.common.model.Player$UnitIterator.&lt;init&gt;(Player.java:208)
	at net.sf.freecol.common.model.Player.&lt;init&gt;(Player.java:342)
	at net.sf.freecol.server.model.ServerPlayer.&lt;init&gt;(ServerPlayer.java:179)
	at net.sf.freecol.util.test.FreeColTestCase.getStandardGame(FreeColTestCase.java:173)
	at net.sf.freecol.util.test.FreeColTestCase.getStandardGame(FreeColTestCase.java:149)
	at net.sf.freecol.util.test.FreeColTestCase.getGame(FreeColTestCase.java:100)
	at net.sf.freecol.common.model.ColonyTest.testAddUnitToColony(ColonyTest.java:211)
	at junit.extensions.TestDecorator.basicRun(TestDecorator.java:23)
	at junit.extensions.TestSetup$1.protect(TestSetup.java:23)
	at junit.extensions.TestSetup.run(TestSetup.java:27)
</error>
  </testcase>
  <testcase classname="net.sf.freecol.common.model.ColonyTest" name="testCurrentlyBuilding" time="0.001">
    <error type="java.lang.NullPointerException">java.lang.NullPointerException
	at net.sf.freecol.common.model.Player.getUnits(Player.java:1833)
	at net.sf.freecol.common.model.Player$UnitIterator.update(Player.java:218)
	at net.sf.freecol.common.model.Player$UnitIterator.&lt;init&gt;(Player.java:208)
	at net.sf.freecol.common.model.Player.&lt;init&gt;(Player.java:342)
	at net.sf.freecol.server.model.ServerPlayer.&lt;init&gt;(ServerPlayer.java:179)
	at net.sf.freecol.util.test.FreeColTestCase.getStandardGame(FreeColTestCase.java:173)
	at net.sf.freecol.util.test.FreeColTestCase.getStandardGame(FreeColTestCase.java:149)
	at net.sf.freecol.util.test.FreeColTestCase.getGame(FreeColTestCase.java:100)
	at net.sf.freecol.common.model.ColonyTest.testCurrentlyBuilding(ColonyTest.java:88)
	at junit.extensions.TestDecorator.basicRun(TestDecorator.java:23)
	at junit.extensions.TestSetup$1.protect(TestSetup.java:23)
	at junit.extensions.TestSetup.run(TestSetup.java:27)
</error>
  </testcase>
  <testcase classname="net.sf.freecol.common.model.ColonyTest" name="testBuildQueueDoesNotAcceptBuildingDoubles" time="0.0">
    <error type="java.lang.NullPointerException">java.lang.NullPointerException
	at net.sf.freecol.common.model.Player.getUnits(Player.java:1833)
	at net.sf.freecol.common.model.Player$UnitIterator.update(Player.java:218)
	at net.sf.freecol.common.model.Player$UnitIterator.&lt;init&gt;(Player.java:208)
	at net.sf.freecol.common.model.Player.&lt;init&gt;(Player.java:342)
	at net.sf.freecol.server.model.ServerPlayer.&lt;init&gt;(ServerPlayer.java:179)
	at net.sf.freecol.util.test.FreeColTestCase.getStandardGame(FreeColTestCase.java:173)
	at net.sf.freecol.util.test.FreeColTestCase.getStandardGame(FreeColTestCase.java:149)
	at net.sf.freecol.util.test.FreeColTestCase.getGame(FreeColTestCase.java:100)
	at net.sf.freecol.common.model.ColonyTest.testBuildQueueDoesNotAcceptBuildingDoubles(ColonyTest.java:102)
	at junit.extensions.TestDecorator.basicRun(TestDecorator.java:23)
	at junit.extensions.TestSetup$1.protect(TestSetup.java:23)
	at junit.extensions.TestSetup.run(TestSetup.java:27)
</error>
  </testcase>
  <testcase classname="net.sf.freecol.common.model.ColonyTest" name="testBuildQueueAcceptsUnitDoubles" time="0.001">
    <error type="java.lang.NullPointerException">java.lang.NullPointerException
	at net.sf.freecol.common.model.Player.getUnits(Player.java:1833)
	at net.sf.freecol.common.model.Player$UnitIterator.update(Player.java:218)
	at net.sf.freecol.common.model.Player$UnitIterator.&lt;init&gt;(Player.java:208)
	at net.sf.freecol.common.model.Player.&lt;init&gt;(Player.java:342)
	at net.sf.freecol.server.model.ServerPlayer.&lt;init&gt;(ServerPlayer.java:179)
	at net.sf.freecol.util.test.FreeColTestCase.getStandardGame(FreeColTestCase.java:173)
	at net.sf.freecol.util.test.FreeColTestCase.getStandardGame(FreeColTestCase.java:149)
	at net.sf.freecol.util.test.FreeColTestCase.getGame(FreeColTestCase.java:100)
	at net.sf.freecol.common.model.ColonyTest.testBuildQueueAcceptsUnitDoubles(ColonyTest.java:125)
	at junit.extensions.TestDecorator.basicRun(TestDecorator.java:23)
	at junit.extensions.TestSetup$1.protect(TestSetup.java:23)
	at junit.extensions.TestSetup.run(TestSetup.java:27)
</error>
  </testcase>
  <testcase classname="net.sf.freecol.common.model.ColonyTest" name="testUpkeep" time="0.001">
    <error type="java.lang.NullPointerException">java.lang.NullPointerException
	at net.sf.freecol.common.model.Player.getUnits(Player.java:1833)
	at net.sf.freecol.common.model.Player$UnitIterator.update(Player.java:218)
	at net.sf.freecol.common.model.Player$UnitIterator.&lt;init&gt;(Player.java:208)
	at net.sf.freecol.common.model.Player.&lt;init&gt;(Player.java:342)
	at net.sf.freecol.server.model.ServerPlayer.&lt;init&gt;(ServerPlayer.java:179)
	at net.sf.freecol.util.test.FreeColTestCase.getStandardGame(FreeColTestCase.java:173)
	at net.sf.freecol.util.test.FreeColTestCase.getStandardGame(FreeColTestCase.java:149)
	at net.sf.freecol.util.test.FreeColTestCase.getGame(FreeColTestCase.java:100)
	at net.sf.freecol.common.model.ColonyTest.testUpkeep(ColonyTest.java:470)
	at junit.extensions.TestDecorator.basicRun(TestDecorator.java:23)
	at junit.extensions.TestSetup$1.protect(TestSetup.java:23)
	at junit.extensions.TestSetup.run(TestSetup.java:27)
</error>
  </testcase>
  <testcase classname="net.sf.freecol.common.model.ColonyTest" name="testUnderSiege" time="0.001">
    <error type="java.lang.NullPointerException">java.lang.NullPointerException
	at net.sf.freecol.common.model.Player.getUnits(Player.java:1833)
	at net.sf.freecol.common.model.Player$UnitIterator.update(Player.java:218)
	at net.sf.freecol.common.model.Player$UnitIterator.&lt;init&gt;(Player.java:208)
	at net.sf.freecol.common.model.Player.&lt;init&gt;(Player.java:342)
	at net.sf.freecol.server.model.ServerPlayer.&lt;init&gt;(ServerPlayer.java:179)
	at net.sf.freecol.util.test.FreeColTestCase.getStandardGame(FreeColTestCase.java:173)
	at net.sf.freecol.util.test.FreeColTestCase.getStandardGame(FreeColTestCase.java:149)
	at net.sf.freecol.util.test.FreeColTestCase.getGame(FreeColTestCase.java:100)
	at net.sf.freecol.common.model.ColonyTest.testUnderSiege(ColonyTest.java:431)
	at junit.extensions.TestDecorator.basicRun(TestDecorator.java:23)
	at junit.extensions.TestSetup$1.protect(TestSetup.java:23)
	at junit.extensions.TestSetup.run(TestSetup.java:27)
</error>
  </testcase>
  <testcase classname="net.sf.freecol.common.model.ColonyTest" name="testOccupationWithFood" time="0.001">
    <error type="java.lang.NullPointerException">java.lang.NullPointerException
	at net.sf.freecol.common.model.Player.getUnits(Player.java:1833)
	at net.sf.freecol.common.model.Player$UnitIterator.update(Player.java:218)
	at net.sf.freecol.common.model.Player$UnitIterator.&lt;init&gt;(Player.java:208)
	at net.sf.freecol.common.model.Player.&lt;init&gt;(Player.java:342)
	at net.sf.freecol.server.model.ServerPlayer.&lt;init&gt;(ServerPlayer.java:179)
	at net.sf.freecol.util.test.FreeColTestCase.getStandardGame(FreeColTestCase.java:173)
	at net.sf.freecol.util.test.FreeColTestCase.getStandardGame(FreeColTestCase.java:149)
	at net.sf.freecol.util.test.FreeColTestCase.getGame(FreeColTestCase.java:100)
	at net.sf.freecol.common.model.ColonyTest.testOccupationWithFood(ColonyTest.java:142)
	at junit.extensions.TestDecorator.basicRun(TestDecorator.java:23)
	at junit.extensions.TestSetup$1.protect(TestSetup.java:23)
	at junit.extensions.TestSetup.run(TestSetup.java:27)
</error>
  </testcase>
  <testcase classname="net.sf.freecol.common.model.ColonyProductionTest" name="testNoHorsesOverProduction" time="0.001">
    <error type="java.lang.NullPointerException">java.lang.NullPointerException
	at net.sf.freecol.common.model.Player.getUnits(Player.java:1833)
	at net.sf.freecol.common.model.Player$UnitIterator.update(Player.java:218)
	at net.sf.freecol.common.model.Player$UnitIterator.&lt;init&gt;(Player.java:208)
	at net.sf.freecol.common.model.Player.&lt;init&gt;(Player.java:342)
	at net.sf.freecol.server.model.ServerPlayer.&lt;init&gt;(ServerPlayer.java:179)
	at net.sf.freecol.util.test.FreeColTestCase.getStandardGame(FreeColTestCase.java:173)
	at net.sf.freecol.util.test.FreeColTestCase.getStandardGame(FreeColTestCase.java:149)
	at net.sf.freecol.util.test.FreeColTestCase.getGame(FreeColTestCase.java:100)
	at net.sf.freecol.common.model.ColonyProductionTest.testNoHorsesOverProduction(ColonyProductionTest.java:242)
	at junit.extensions.TestDecorator.basicRun(TestDecorator.java:23)
	at junit.extensions.TestSetup$1.protect(TestSetup.java:23)
	at junit.extensions.TestSetup.run(TestSetup.java:27)
</error>
  </testcase>
  <testcase classname="net.sf.freecol.common.model.ColonyProductionTest" name="testBellNetProduction" time="0.001">
    <error type="java.lang.NullPointerException">java.lang.NullPointerException
	at net.sf.freecol.common.model.Player.getUnits(Player.java:1833)
	at net.sf.freecol.common.model.Player$UnitIterator.update(Player.java:218)
	at net.sf.freecol.common.model.Player$UnitIterator.&lt;init&gt;(Player.java:208)
	at net.sf.freecol.common.model.Player.&lt;init&gt;(Player.java:342)
	at net.sf.freecol.server.model.ServerPlayer.&lt;init&gt;(ServerPlayer.java:179)
	at net.sf.freecol.util.test.FreeColTestCase.getStandardGame(FreeColTestCase.java:173)
	at net.sf.freecol.util.test.FreeColTestCase.getStandardGame(FreeColTestCase.java:149)
	at net.sf.freecol.common.model.ColonyProductionTest.testBellNetProduction(ColonyProductionTest.java:163)
	at junit.extensions.TestDecorator.basicRun(TestDecorator.java:23)
	at junit.extensions.TestSetup$1.protect(TestSetup.java:23)
	at junit.extensions.TestSetup.run(TestSetup.java:27)
</error>
  </testcase>
  <testcase classname="net.sf.freecol.common.model.ColonyProductionTest" name="testProductionMap" time="0.002" />
  <testcase classname="net.sf.freecol.common.model.ColonyProductionTest" name="testProductionSoldier" time="0.001">
    <error type="java.lang.NullPointerException">java.lang.NullPointerException
	at net.sf.freecol.common.model.Player.getUnits(Player.java:1833)
	at net.sf.freecol.common.model.Player$UnitIterator.update(Player.java:218)
	at net.sf.freecol.common.model.Player$UnitIterator.&lt;init&gt;(Player.java:208)
	at net.sf.freecol.common.model.Player.&lt;init&gt;(Player.java:342)
	at net.sf.freecol.server.model.ServerPlayer.&lt;init&gt;(ServerPlayer.java:179)
	at net.sf.freecol.util.test.FreeColTestCase.getStandardGame(FreeColTestCase.java:173)
	at net.sf.freecol.util.test.FreeColTestCase.getStandardGame(FreeColTestCase.java:149)
	at net.sf.freecol.common.model.ColonyProductionTest.testProductionSoldier(ColonyProductionTest.java:69)
	at junit.extensions.TestDecorator.basicRun(TestDecorator.java:23)
	at junit.extensions.TestSetup$1.protect(TestSetup.java:23)
	at junit.extensions.TestSetup.run(TestSetup.java:27)
</error>
  </testcase>
  <testcase classname="net.sf.freecol.common.model.ColonyProductionTest" name="testConsumers" time="0.0">
    <error type="java.lang.NullPointerException">java.lang.NullPointerException
	at net.sf.freecol.common.model.Player.getUnits(Player.java:1833)
	at net.sf.freecol.common.model.Player$UnitIterator.update(Player.java:218)
	at net.sf.freecol.common.model.Player$UnitIterator.&lt;init&gt;(Player.java:208)
	at net.sf.freecol.common.model.Player.&lt;init&gt;(Player.java:342)
	at net.sf.freecol.server.model.ServerPlayer.&lt;init&gt;(ServerPlayer.java:179)
	at net.sf.freecol.util.test.FreeColTestCase.getStandardGame(FreeColTestCase.java:173)
	at net.sf.freecol.util.test.FreeColTestCase.getStandardGame(FreeColTestCase.java:149)
	at net.sf.freecol.util.test.FreeColTestCase.getGame(FreeColTestCase.java:100)
	at net.sf.freecol.common.model.ColonyProductionTest.testConsumers(ColonyProductionTest.java:286)
	at junit.extensions.TestDecorator.basicRun(TestDecorator.java:23)
	at junit.extensions.TestSetup$1.protect(TestSetup.java:23)
	at junit.extensions.TestSetup.run(TestSetup.java:27)
</error>
  </testcase>
  <testcase classname="net.sf.freecol.common.model.ColonyProductionTest" name="testProductionPioneer" time="0.0">
    <error type="java.lang.NullPointerException">java.lang.NullPointerException
	at net.sf.freecol.common.model.Player.getUnits(Player.java:1833)
	at net.sf.freecol.common.model.Player$UnitIterator.update(Player.java:218)
	at net.sf.freecol.common.model.Player$UnitIterator.&lt;init&gt;(Player.java:208)
	at net.sf.freecol.common.model.Player.&lt;init&gt;(Player.java:342)
	at net.sf.freecol.server.model.ServerPlayer.&lt;init&gt;(ServerPlayer.java:179)
	at net.sf.freecol.util.test.FreeColTestCase.getStandardGame(FreeColTestCase.java:173)
	at net.sf.freecol.util.test.FreeColTestCase.getStandardGame(FreeColTestCase.java:149)
	at net.sf.freecol.common.model.ColonyProductionTest.testProductionPioneer(ColonyProductionTest.java:117)
	at junit.extensions.TestDecorator.basicRun(TestDecorator.java:23)
	at junit.extensions.TestSetup$1.protect(TestSetup.java:23)
	at junit.extensions.TestSetup.run(TestSetup.java:27)
</error>
  </testcase>
  <testcase classname="net.sf.freecol.common.model.ColonyProductionTest" name="testProduction" time="0.0">
    <error type="java.lang.NullPointerException">java.lang.NullPointerException
	at net.sf.freecol.common.model.Player.getUnits(Player.java:1833)
	at net.sf.freecol.common.model.Player$UnitIterator.update(Player.java:218)
	at net.sf.freecol.common.model.Player$UnitIterator.&lt;init&gt;(Player.java:208)
	at net.sf.freecol.common.model.Player.&lt;init&gt;(Player.java:342)
	at net.sf.freecol.server.model.ServerPlayer.&lt;init&gt;(ServerPlayer.java:179)
	at net.sf.freecol.util.test.FreeColTestCase.getStandardGame(FreeColTestCase.java:173)
	at net.sf.freecol.util.test.FreeColTestCase.getStandardGame(FreeColTestCase.java:149)
	at net.sf.freecol.util.test.FreeColTestCase.getGame(FreeColTestCase.java:100)
	at net.sf.freecol.common.model.ColonyProductionTest.testProduction(ColonyProductionTest.java:373)
	at junit.extensions.TestDecorator.basicRun(TestDecorator.java:23)
	at junit.extensions.TestSetup$1.protect(TestSetup.java:23)
	at junit.extensions.TestSetup.run(TestSetup.java:27)
</error>
  </testcase>
  <testcase classname="net.sf.freecol.common.model.ColonyProductionTest" name="testGetPotentialProduction" time="0.0">
    <error type="java.lang.NullPointerException">java.lang.NullPointerException
	at net.sf.freecol.common.model.Player.getUnits(Player.java:1833)
	at net.sf.freecol.common.model.Player$UnitIterator.update(Player.java:218)
	at net.sf.freecol.common.model.Player$UnitIterator.&lt;init&gt;(Player.java:208)
	at net.sf.freecol.common.model.Player.&lt;init&gt;(Player.java:342)
	at net.sf.freecol.server.model.ServerPlayer.&lt;init&gt;(ServerPlayer.java:179)
	at net.sf.freecol.util.test.FreeColTestCase.getStandardGame(FreeColTestCase.java:173)
	at net.sf.freecol.util.test.FreeColTestCase.getStandardGame(FreeColTestCase.java:149)
	at net.sf.freecol.util.test.FreeColTestCase.getGame(FreeColTestCase.java:100)
	at net.sf.freecol.common.model.ColonyProductionTest.testGetPotentialProduction(ColonyProductionTest.java:493)
	at junit.extensions.TestDecorator.basicRun(TestDecorator.java:23)
	at junit.extensions.TestSetup$1.protect(TestSetup.java:23)
	at junit.extensions.TestSetup.run(TestSetup.java:27)
</error>
  </testcase>
  <testcase classname="net.sf.freecol.common.model.CombatTest" name="testCaptureConvert" time="0.0">
    <error type="java.lang.NullPointerException">java.lang.NullPointerException
	at net.sf.freecol.common.model.Player.getUnits(Player.java:1833)
	at net.sf.freecol.common.model.Player$UnitIterator.update(Player.java:218)
	at net.sf.freecol.common.model.Player$UnitIterator.&lt;init&gt;(Player.java:208)
	at net.sf.freecol.common.model.Player.&lt;init&gt;(Player.java:342)
	at net.sf.freecol.server.model.ServerPlayer.&lt;init&gt;(ServerPlayer.java:179)
	at net.sf.freecol.util.test.FreeColTestCase.getStandardGame(FreeColTestCase.java:173)
	at net.sf.freecol.util.test.FreeColTestCase.getStandardGame(FreeColTestCase.java:149)
	at net.sf.freecol.util.test.FreeColTestCase.getGame(FreeColTestCase.java:100)
	at net.sf.freecol.util.test.FreeColTestCase.getTestMap(FreeColTestCase.java:227)
	at net.sf.freecol.common.model.CombatTest.testCaptureConvert(CombatTest.java:544)
	at junit.extensions.TestDecorator.basicRun(TestDecorator.java:23)
	at junit.extensions.TestSetup$1.protect(TestSetup.java:23)
	at junit.extensions.TestSetup.run(TestSetup.java:27)
</error>
  </testcase>
  <testcase classname="net.sf.freecol.common.model.CombatTest" name="testGalleonAttackedByPrivateer" time="0.001">
    <error type="java.lang.NullPointerException">java.lang.NullPointerException
	at net.sf.freecol.common.model.Player.getUnits(Player.java:1833)
	at net.sf.freecol.common.model.Player$UnitIterator.update(Player.java:218)
	at net.sf.freecol.common.model.Player$UnitIterator.&lt;init&gt;(Player.java:208)
	at net.sf.freecol.common.model.Player.&lt;init&gt;(Player.java:342)
	at net.sf.freecol.server.model.ServerPlayer.&lt;init&gt;(ServerPlayer.java:179)
	at net.sf.freecol.util.test.FreeColTestCase.getStandardGame(FreeColTestCase.java:173)
	at net.sf.freecol.util.test.FreeColTestCase.getStandardGame(FreeColTestCase.java:149)
	at net.sf.freecol.common.model.CombatTest.testGalleonAttackedByPrivateer(CombatTest.java:158)
	at junit.extensions.TestDecorator.basicRun(TestDecorator.java:23)
	at junit.extensions.TestSetup$1.protect(TestSetup.java:23)
	at junit.extensions.TestSetup.run(TestSetup.java:27)
</error>
  </testcase>
  <testcase classname="net.sf.freecol.common.model.CombatTest" name="testDefendColonyWithUnarmedColonist" time="0.001">
    <error type="java.lang.NullPointerException">java.lang.NullPointerException
	at net.sf.freecol.common.model.Player.getUnits(Player.java:1833)
	at net.sf.freecol.common.model.Player$UnitIterator.update(Player.java:218)
	at net.sf.freecol.common.model.Player$UnitIterator.&lt;init&gt;(Player.java:208)
	at net.sf.freecol.common.model.Player.&lt;init&gt;(Player.java:342)
	at net.sf.freecol.server.model.ServerPlayer.&lt;init&gt;(ServerPlayer.java:179)
	at net.sf.freecol.util.test.FreeColTestCase.getStandardGame(FreeColTestCase.java:173)
	at net.sf.freecol.util.test.FreeColTestCase.getStandardGame(FreeColTestCase.java:149)
	at net.sf.freecol.util.test.FreeColTestCase.getGame(FreeColTestCase.java:100)
	at net.sf.freecol.common.model.CombatTest.testDefendColonyWithUnarmedColonist(CombatTest.java:257)
	at junit.extensions.TestDecorator.basicRun(TestDecorator.java:23)
	at junit.extensions.TestSetup$1.protect(TestSetup.java:23)
	at junit.extensions.TestSetup.run(TestSetup.java:27)
</error>
  </testcase>
  <testcase classname="net.sf.freecol.common.model.CombatTest" name="testRegulars" time="0.0">
    <error type="java.lang.NullPointerException">java.lang.NullPointerException
	at net.sf.freecol.common.model.Player.getUnits(Player.java:1833)
	at net.sf.freecol.common.model.Player$UnitIterator.update(Player.java:218)
	at net.sf.freecol.common.model.Player$UnitIterator.&lt;init&gt;(Player.java:208)
	at net.sf.freecol.common.model.Player.&lt;init&gt;(Player.java:342)
	at net.sf.freecol.server.model.ServerPlayer.&lt;init&gt;(ServerPlayer.java:179)
	at net.sf.freecol.util.test.FreeColTestCase.getStandardGame(FreeColTestCase.java:173)
	at net.sf.freecol.util.test.FreeColTestCase.getStandardGame(FreeColTestCase.java:149)
	at net.sf.freecol.util.test.FreeColTestCase.getGame(FreeColTestCase.java:100)
	at net.sf.freecol.util.test.FreeColTestCase.getTestMap(FreeColTestCase.java:227)
	at net.sf.freecol.common.model.CombatTest.testRegulars(CombatTest.java:470)
	at junit.extensions.TestDecorator.basicRun(TestDecorator.java:23)
	at junit.extensions.TestSetup$1.protect(TestSetup.java:23)
	at junit.extensions.TestSetup.run(TestSetup.java:27)
</error>
  </testcase>
  <testcase classname="net.sf.freecol.common.model.CombatTest" name="testSpanishAgainstNatives" time="0.001">
    <error type="java.lang.NullPointerException">java.lang.NullPointerException
	at net.sf.freecol.common.model.Player.getUnits(Player.java:1833)
	at net.sf.freecol.common.model.Player$UnitIterator.update(Player.java:218)
	at net.sf.freecol.common.model.Player$UnitIterator.&lt;init&gt;(Player.java:208)
	at net.sf.freecol.common.model.Player.&lt;init&gt;(Player.java:342)
	at net.sf.freecol.server.model.ServerPlayer.&lt;init&gt;(ServerPlayer.java:179)
	at net.sf.freecol.util.test.FreeColTestCase.getStandardGame(FreeColTestCase.java:173)
	at net.sf.freecol.util.test.FreeColTestCase.getStandardGame(FreeColTestCase.java:149)
	at net.sf.freecol.common.model.CombatTest.testSpanishAgainstNatives(CombatTest.java:383)
	at junit.extensions.TestDecorator.basicRun(TestDecorator.java:23)
	at junit.extensions.TestSetup$1.protect(TestSetup.java:23)
	at junit.extensions.TestSetup.run(TestSetup.java:27)
</error>
  </testcase>
  <testcase classname="net.sf.freecol.common.model.CombatTest" name="testColonistAttackedByVeteran" time="0.001">
    <error type="java.lang.NullPointerException">java.lang.NullPointerException
	at net.sf.freecol.common.model.Player.getUnits(Player.java:1833)
	at net.sf.freecol.common.model.Player$UnitIterator.update(Player.java:218)
	at net.sf.freecol.common.model.Player$UnitIterator.&lt;init&gt;(Player.java:208)
	at net.sf.freecol.common.model.Player.&lt;init&gt;(Player.java:342)
	at net.sf.freecol.server.model.ServerPlayer.&lt;init&gt;(ServerPlayer.java:179)
	at net.sf.freecol.util.test.FreeColTestCase.getStandardGame(FreeColTestCase.java:173)
	at net.sf.freecol.util.test.FreeColTestCase.getStandardGame(FreeColTestCase.java:149)
	at net.sf.freecol.common.model.CombatTest.testColonistAttackedByVeteran(CombatTest.java:93)
	at junit.extensions.TestDecorator.basicRun(TestDecorator.java:23)
	at junit.extensions.TestSetup$1.protect(TestSetup.java:23)
	at junit.extensions.TestSetup.run(TestSetup.java:27)
</error>
  </testcase>
  <testcase classname="net.sf.freecol.common.model.CombatTest" name="testAttackIgnoresMovementPoints" time="0.001">
    <error type="java.lang.NullPointerException">java.lang.NullPointerException
	at net.sf.freecol.common.model.Player.getUnits(Player.java:1833)
	at net.sf.freecol.common.model.Player$UnitIterator.update(Player.java:218)
	at net.sf.freecol.common.model.Player$UnitIterator.&lt;init&gt;(Player.java:208)
	at net.sf.freecol.common.model.Player.&lt;init&gt;(Player.java:342)
	at net.sf.freecol.server.model.ServerPlayer.&lt;init&gt;(ServerPlayer.java:179)
	at net.sf.freecol.util.test.FreeColTestCase.getStandardGame(FreeColTestCase.java:173)
	at net.sf.freecol.util.test.FreeColTestCase.getStandardGame(FreeColTestCase.java:149)
	at net.sf.freecol.common.model.CombatTest.testAttackIgnoresMovementPoints(CombatTest.java:352)
	at junit.extensions.TestDecorator.basicRun(TestDecorator.java:23)
	at junit.extensions.TestSetup$1.protect(TestSetup.java:23)
	at junit.extensions.TestSetup.run(TestSetup.java:27)
</error>
  </testcase>
  <testcase classname="net.sf.freecol.common.model.CombatTest" name="testAttackShipWithLandUnit" time="0.001">
    <error type="java.lang.NullPointerException">java.lang.NullPointerException
	at net.sf.freecol.common.model.Player.getUnits(Player.java:1833)
	at net.sf.freecol.common.model.Player$UnitIterator.update(Player.java:218)
	at net.sf.freecol.common.model.Player$UnitIterator.&lt;init&gt;(Player.java:208)
	at net.sf.freecol.common.model.Player.&lt;init&gt;(Player.java:342)
	at net.sf.freecol.server.model.ServerPlayer.&lt;init&gt;(ServerPlayer.java:179)
	at net.sf.freecol.util.test.FreeColTestCase.getStandardGame(FreeColTestCase.java:173)
	at net.sf.freecol.util.test.FreeColTestCase.getStandardGame(FreeColTestCase.java:149)
	at net.sf.freecol.common.model.CombatTest.testAttackShipWithLandUnit(CombatTest.java:436)
	at junit.extensions.TestDecorator.basicRun(TestDecorator.java:23)
	at junit.extensions.TestSetup$1.protect(TestSetup.java:23)
	at junit.extensions.TestSetup.run(TestSetup.java:27)
</error>
  </testcase>
  <testcase classname="net.sf.freecol.common.model.CombatTest" name="testDefendColonyWithRevere" time="0.001">
    <error type="java.lang.NullPointerException">java.lang.NullPointerException
	at net.sf.freecol.common.model.Player.getUnits(Player.java:1833)
	at net.sf.freecol.common.model.Player$UnitIterator.update(Player.java:218)
	at net.sf.freecol.common.model.Player$UnitIterator.&lt;init&gt;(Player.java:208)
	at net.sf.freecol.common.model.Player.&lt;init&gt;(Player.java:342)
	at net.sf.freecol.server.model.ServerPlayer.&lt;init&gt;(ServerPlayer.java:179)
	at net.sf.freecol.util.test.FreeColTestCase.getStandardGame(FreeColTestCase.java:173)
	at net.sf.freecol.util.test.FreeColTestCase.getStandardGame(FreeColTestCase.java:149)
	at net.sf.freecol.util.test.FreeColTestCase.getGame(FreeColTestCase.java:100)
	at net.sf.freecol.common.model.CombatTest.testDefendColonyWithRevere(CombatTest.java:283)
	at junit.extensions.TestDecorator.basicRun(TestDecorator.java:23)
	at junit.extensions.TestSetup$1.protect(TestSetup.java:23)
	at junit.extensions.TestSetup.run(TestSetup.java:27)
</error>
  </testcase>
  <testcase classname="net.sf.freecol.common.model.CombatTest" name="testDefendSettlement" time="0.001">
    <error type="java.lang.NullPointerException">java.lang.NullPointerException
	at net.sf.freecol.common.model.Player.getUnits(Player.java:1833)
	at net.sf.freecol.common.model.Player$UnitIterator.update(Player.java:218)
	at net.sf.freecol.common.model.Player$UnitIterator.&lt;init&gt;(Player.java:208)
	at net.sf.freecol.common.model.Player.&lt;init&gt;(Player.java:342)
	at net.sf.freecol.server.model.ServerPlayer.&lt;init&gt;(ServerPlayer.java:179)
	at net.sf.freecol.util.test.FreeColTestCase.getStandardGame(FreeColTestCase.java:173)
	at net.sf.freecol.util.test.FreeColTestCase.getStandardGame(FreeColTestCase.java:149)
	at net.sf.freecol.common.model.CombatTest.testDefendSettlement(CombatTest.java:317)
	at junit.extensions.TestDecorator.basicRun(TestDecorator.java:23)
	at junit.extensions.TestSetup$1.protect(TestSetup.java:23)
	at junit.extensions.TestSetup.run(TestSetup.java:27)
</error>
  </testcase>
  <testcase classname="net.sf.freecol.common.model.DisasterTest" name="testDisastersPresent" time="0.001" />
  <testcase classname="net.sf.freecol.common.model.EuropeTest" name="testMissionary" time="0.001">
    <error type="java.lang.NullPointerException">java.lang.NullPointerException
	at net.sf.freecol.common.model.Player.getUnits(Player.java:1833)
	at net.sf.freecol.common.model.Player$UnitIterator.update(Player.java:218)
	at net.sf.freecol.common.model.Player$UnitIterator.&lt;init&gt;(Player.java:208)
	at net.sf.freecol.common.model.Player.&lt;init&gt;(Player.java:342)
	at net.sf.freecol.server.model.ServerPlayer.&lt;init&gt;(ServerPlayer.java:179)
	at net.sf.freecol.util.test.FreeColTestCase.getStandardGame(FreeColTestCase.java:173)
	at net.sf.freecol.util.test.FreeColTestCase.getStandardGame(FreeColTestCase.java:149)
	at net.sf.freecol.util.test.FreeColTestCase.getGame(FreeColTestCase.java:100)
	at net.sf.freecol.common.model.EuropeTest.testMissionary(EuropeTest.java:33)
	at junit.extensions.TestDecorator.basicRun(TestDecorator.java:23)
	at junit.extensions.TestSetup$1.protect(TestSetup.java:23)
	at junit.extensions.TestSetup.run(TestSetup.java:27)
</error>
  </testcase>
  <testcase classname="net.sf.freecol.common.model.FoundingFatherTest" name="testAddAllFathers" time="0.001">
    <error type="java.lang.NullPointerException">java.lang.NullPointerException
	at net.sf.freecol.common.model.Player.getUnits(Player.java:1833)
	at net.sf.freecol.common.model.Player$UnitIterator.update(Player.java:218)
	at net.sf.freecol.common.model.Player$UnitIterator.&lt;init&gt;(Player.java:208)
	at net.sf.freecol.common.model.Player.&lt;init&gt;(Player.java:342)
	at net.sf.freecol.server.model.ServerPlayer.&lt;init&gt;(ServerPlayer.java:179)
	at net.sf.freecol.util.test.FreeColTestCase.getStandardGame(FreeColTestCase.java:173)
	at net.sf.freecol.util.test.FreeColTestCase.getStandardGame(FreeColTestCase.java:149)
	at net.sf.freecol.util.test.FreeColTestCase.getGame(FreeColTestCase.java:100)
	at net.sf.freecol.common.model.FoundingFatherTest.testAddAllFathers(FoundingFatherTest.java:97)
	at junit.extensions.TestDecorator.basicRun(TestDecorator.java:23)
	at junit.extensions.TestSetup$1.protect(TestSetup.java:23)
	at junit.extensions.TestSetup.run(TestSetup.java:27)
</error>
  </testcase>
  <testcase classname="net.sf.freecol.common.model.FoundingFatherTest" name="testAvailableTo" time="0.001">
    <error type="java.lang.NullPointerException">java.lang.NullPointerException
	at net.sf.freecol.common.model.Player.getUnits(Player.java:1833)
	at net.sf.freecol.common.model.Player$UnitIterator.update(Player.java:218)
	at net.sf.freecol.common.model.Player$UnitIterator.&lt;init&gt;(Player.java:208)
	at net.sf.freecol.common.model.Player.&lt;init&gt;(Player.java:342)
	at net.sf.freecol.server.model.ServerPlayer.&lt;init&gt;(ServerPlayer.java:179)
	at net.sf.freecol.util.test.FreeColTestCase.getStandardGame(FreeColTestCase.java:173)
	at net.sf.freecol.util.test.FreeColTestCase.getStandardGame(FreeColTestCase.java:149)
	at net.sf.freecol.util.test.FreeColTestCase.getGame(FreeColTestCase.java:100)
	at net.sf.freecol.common.model.FoundingFatherTest.testAvailableTo(FoundingFatherTest.java:127)
	at junit.extensions.TestDecorator.basicRun(TestDecorator.java:23)
	at junit.extensions.TestSetup$1.protect(TestSetup.java:23)
	at junit.extensions.TestSetup.run(TestSetup.java:27)
</error>
  </testcase>
  <testcase classname="net.sf.freecol.common.model.FoundingFatherTest" name="testFeatures" time="0.001">
    <error type="java.lang.NullPointerException">java.lang.NullPointerException
	at net.sf.freecol.common.model.Player.getUnits(Player.java:1833)
	at net.sf.freecol.common.model.Player$UnitIterator.update(Player.java:218)
	at net.sf.freecol.common.model.Player$UnitIterator.&lt;init&gt;(Player.java:208)
	at net.sf.freecol.common.model.Player.&lt;init&gt;(Player.java:342)
	at net.sf.freecol.server.model.ServerPlayer.&lt;init&gt;(ServerPlayer.java:179)
	at net.sf.freecol.util.test.FreeColTestCase.getStandardGame(FreeColTestCase.java:173)
	at net.sf.freecol.util.test.FreeColTestCase.getStandardGame(FreeColTestCase.java:149)
	at net.sf.freecol.common.model.FoundingFatherTest.testFeatures(FoundingFatherTest.java:50)
	at junit.extensions.TestDecorator.basicRun(TestDecorator.java:23)
	at junit.extensions.TestSetup$1.protect(TestSetup.java:23)
	at junit.extensions.TestSetup.run(TestSetup.java:27)
</error>
  </testcase>
  <testcase classname="net.sf.freecol.common.model.FoundingFatherTest" name="testBellsRequired" time="0.0">
    <error type="java.lang.NullPointerException">java.lang.NullPointerException
	at net.sf.freecol.common.model.Player.getUnits(Player.java:1833)
	at net.sf.freecol.common.model.Player$UnitIterator.update(Player.java:218)
	at net.sf.freecol.common.model.Player$UnitIterator.&lt;init&gt;(Player.java:208)
	at net.sf.freecol.common.model.Player.&lt;init&gt;(Player.java:342)
	at net.sf.freecol.server.model.ServerPlayer.&lt;init&gt;(ServerPlayer.java:179)
	at net.sf.freecol.util.test.FreeColTestCase.getStandardGame(FreeColTestCase.java:173)
	at net.sf.freecol.util.test.FreeColTestCase.getStandardGame(FreeColTestCase.java:149)
	at net.sf.freecol.util.test.FreeColTestCase.getGame(FreeColTestCase.java:100)
	at net.sf.freecol.common.model.FoundingFatherTest.testBellsRequired(FoundingFatherTest.java:111)
	at junit.extensions.TestDecorator.basicRun(TestDecorator.java:23)
	at junit.extensions.TestSetup$1.protect(TestSetup.java:23)
	at junit.extensions.TestSetup.run(TestSetup.java:27)
</error>
  </testcase>
  <testcase classname="net.sf.freecol.common.model.GameTest" name="testGame" time="0.001">
    <error type="java.lang.NullPointerException">java.lang.NullPointerException
	at net.sf.freecol.common.model.Player.getUnits(Player.java:1833)
	at net.sf.freecol.common.model.Player$UnitIterator.update(Player.java:218)
	at net.sf.freecol.common.model.Player$UnitIterator.&lt;init&gt;(Player.java:208)
	at net.sf.freecol.common.model.Player.&lt;init&gt;(Player.java:342)
	at net.sf.freecol.server.model.ServerPlayer.&lt;init&gt;(ServerPlayer.java:179)
	at net.sf.freecol.util.test.FreeColTestCase.getStandardGame(FreeColTestCase.java:173)
	at net.sf.freecol.util.test.FreeColTestCase.getStandardGame(FreeColTestCase.java:149)
	at net.sf.freecol.util.test.FreeColTestCase.getGame(FreeColTestCase.java:100)
	at net.sf.freecol.util.test.FreeColTestCase.getTestMap(FreeColTestCase.java:192)
	at net.sf.freecol.common.model.GameTest.testGame(GameTest.java:38)
	at junit.extensions.TestDecorator.basicRun(TestDecorator.java:23)
	at junit.extensions.TestSetup$1.protect(TestSetup.java:23)
	at junit.extensions.TestSetup.run(TestSetup.java:27)
</error>
  </testcase>
  <testcase classname="net.sf.freecol.common.model.GameTest" name="testTurn" time="0.0" />
  <testcase classname="net.sf.freecol.common.model.GameTest" name="testAddPlayer" time="0.001">
    <error type="java.lang.NullPointerException">java.lang.NullPointerException
	at net.sf.freecol.common.model.Player.getUnits(Player.java:1833)
	at net.sf.freecol.common.model.Player$UnitIterator.update(Player.java:218)
	at net.sf.freecol.common.model.Player$UnitIterator.&lt;init&gt;(Player.java:208)
	at net.sf.freecol.common.model.Player.&lt;init&gt;(Player.java:342)
	at net.sf.freecol.server.model.ServerPlayer.&lt;init&gt;(ServerPlayer.java:179)
	at net.sf.freecol.common.model.GameTest.testAddPlayer(GameTest.java:58)
	at junit.extensions.TestDecorator.basicRun(TestDecorator.java:23)
	at junit.extensions.TestSetup$1.protect(TestSetup.java:23)
	at junit.extensions.TestSetup.run(TestSetup.java:27)
</error>
  </testcase>
  <testcase classname="net.sf.freecol.common.model.GoodsTest" name="testGetTakeSpace" time="0.001">
    <error type="java.lang.NullPointerException">java.lang.NullPointerException
	at net.sf.freecol.common.model.Player.getUnits(Player.java:1833)
	at net.sf.freecol.common.model.Player$UnitIterator.update(Player.java:218)
	at net.sf.freecol.common.model.Player$UnitIterator.&lt;init&gt;(Player.java:208)
	at net.sf.freecol.common.model.Player.&lt;init&gt;(Player.java:342)
	at net.sf.freecol.server.model.ServerPlayer.&lt;init&gt;(ServerPlayer.java:179)
	at net.sf.freecol.util.test.FreeColTestCase.getStandardGame(FreeColTestCase.java:173)
	at net.sf.freecol.util.test.FreeColTestCase.getStandardGame(FreeColTestCase.java:149)
	at net.sf.freecol.util.test.FreeColTestCase.getGame(FreeColTestCase.java:100)
	at net.sf.freecol.util.test.FreeColTestCase.getTestMap(FreeColTestCase.java:227)
	at net.sf.freecol.common.model.GoodsTest.testGetTakeSpace(GoodsTest.java:202)
	at junit.extensions.TestDecorator.basicRun(TestDecorator.java:23)
	at junit.extensions.TestSetup$1.protect(TestSetup.java:23)
	at junit.extensions.TestSetup.run(TestSetup.java:27)
</error>
  </testcase>
  <testcase classname="net.sf.freecol.common.model.GoodsTest" name="testGetInputType" time="0.0" />
  <testcase classname="net.sf.freecol.common.model.GoodsTest" name="testSetGetAmount" time="0.001">
    <error type="java.lang.NullPointerException">java.lang.NullPointerException
	at net.sf.freecol.common.model.Player.getUnits(Player.java:1833)
	at net.sf.freecol.common.model.Player$UnitIterator.update(Player.java:218)
	at net.sf.freecol.common.model.Player$UnitIterator.&lt;init&gt;(Player.java:208)
	at net.sf.freecol.common.model.Player.&lt;init&gt;(Player.java:342)
	at net.sf.freecol.server.model.ServerPlayer.&lt;init&gt;(ServerPlayer.java:179)
	at net.sf.freecol.util.test.FreeColTestCase.getStandardGame(FreeColTestCase.java:173)
	at net.sf.freecol.util.test.FreeColTestCase.getStandardGame(FreeColTestCase.java:149)
	at net.sf.freecol.util.test.FreeColTestCase.getGame(FreeColTestCase.java:100)
	at net.sf.freecol.util.test.FreeColTestCase.getTestMap(FreeColTestCase.java:227)
	at net.sf.freecol.common.model.GoodsTest.testSetGetAmount(GoodsTest.java:211)
	at junit.extensions.TestDecorator.basicRun(TestDecorator.java:23)
	at junit.extensions.TestSetup$1.protect(TestSetup.java:23)
	at junit.extensions.TestSetup.run(TestSetup.java:27)
</error>
  </testcase>
  <testcase classname="net.sf.freecol.common.model.GoodsTest" name="testGoodsGameLocationIntInt" time="0.0">
    <error type="java.lang.NullPointerException">java.lang.NullPointerException
	at net.sf.freecol.common.model.Player.getUnits(Player.java:1833)
	at net.sf.freecol.common.model.Player$UnitIterator.update(Player.java:218)
	at net.sf.freecol.common.model.Player$UnitIterator.&lt;init&gt;(Player.java:208)
	at net.sf.freecol.common.model.Player.&lt;init&gt;(Player.java:342)
	at net.sf.freecol.server.model.ServerPlayer.&lt;init&gt;(ServerPlayer.java:179)
	at net.sf.freecol.util.test.FreeColTestCase.getStandardGame(FreeColTestCase.java:173)
	at net.sf.freecol.util.test.FreeColTestCase.getStandardGame(FreeColTestCase.java:149)
	at net.sf.freecol.util.test.FreeColTestCase.getGame(FreeColTestCase.java:100)
	at net.sf.freecol.util.test.FreeColTestCase.getTestMap(FreeColTestCase.java:209)
	at net.sf.freecol.common.model.GoodsTest.testGoodsGameLocationIntInt(GoodsTest.java:79)
	at junit.extensions.TestDecorator.basicRun(TestDecorator.java:23)
	at junit.extensions.TestSetup$1.protect(TestSetup.java:23)
	at junit.extensions.TestSetup.run(TestSetup.java:27)
</error>
  </testcase>
  <testcase classname="net.sf.freecol.common.model.GoodsTest" name="testToString" time="0.013">
    <error type="java.lang.NullPointerException">java.lang.NullPointerException
	at net.sf.freecol.common.model.Player.getUnits(Player.java:1833)
	at net.sf.freecol.common.model.Player$UnitIterator.update(Player.java:218)
	at net.sf.freecol.common.model.Player$UnitIterator.&lt;init&gt;(Player.java:208)
	at net.sf.freecol.common.model.Player.&lt;init&gt;(Player.java:342)
	at net.sf.freecol.server.model.ServerPlayer.&lt;init&gt;(ServerPlayer.java:179)
	at net.sf.freecol.util.test.FreeColTestCase.getStandardGame(FreeColTestCase.java:173)
	at net.sf.freecol.util.test.FreeColTestCase.getStandardGame(FreeColTestCase.java:149)
	at net.sf.freecol.util.test.FreeColTestCase.getGame(FreeColTestCase.java:100)
	at net.sf.freecol.util.test.FreeColTestCase.getTestMap(FreeColTestCase.java:209)
	at net.sf.freecol.common.model.GoodsTest.testToString(GoodsTest.java:113)
	at junit.extensions.TestDecorator.basicRun(TestDecorator.java:23)
	at junit.extensions.TestSetup$1.protect(TestSetup.java:23)
	at junit.extensions.TestSetup.run(TestSetup.java:27)
</error>
  </testcase>
  <testcase classname="net.sf.freecol.common.model.GoodsTest" name="testBuildingMaterials" time="0.0" />
  <testcase classname="net.sf.freecol.common.model.GoodsTest" name="testIsFarmedGoods" time="0.0" />
  <testcase classname="net.sf.freecol.common.model.GoodsTest" name="testGetName" time="0.001">
    <error type="java.lang.NullPointerException">java.lang.NullPointerException
	at net.sf.freecol.common.model.Player.getUnits(Player.java:1833)
	at net.sf.freecol.common.model.Player$UnitIterator.update(Player.java:218)
	at net.sf.freecol.common.model.Player$UnitIterator.&lt;init&gt;(Player.java:208)
	at net.sf.freecol.common.model.Player.&lt;init&gt;(Player.java:342)
	at net.sf.freecol.server.model.ServerPlayer.&lt;init&gt;(ServerPlayer.java:179)
	at net.sf.freecol.util.test.FreeColTestCase.getStandardGame(FreeColTestCase.java:173)
	at net.sf.freecol.util.test.FreeColTestCase.getStandardGame(FreeColTestCase.java:149)
	at net.sf.freecol.util.test.FreeColTestCase.getGame(FreeColTestCase.java:100)
	at net.sf.freecol.common.model.GoodsTest.testGetName(GoodsTest.java:126)
	at junit.extensions.TestDecorator.basicRun(TestDecorator.java:23)
	at junit.extensions.TestSetup$1.protect(TestSetup.java:23)
	at junit.extensions.TestSetup.run(TestSetup.java:27)
</error>
  </testcase>
  <testcase classname="net.sf.freecol.common.model.GoodsTest" name="testSerialize" time="0.0">
    <error type="java.lang.NullPointerException">java.lang.NullPointerException
	at net.sf.freecol.common.model.Player.getUnits(Player.java:1833)
	at net.sf.freecol.common.model.Player$UnitIterator.update(Player.java:218)
	at net.sf.freecol.common.model.Player$UnitIterator.&lt;init&gt;(Player.java:208)
	at net.sf.freecol.common.model.Player.&lt;init&gt;(Player.java:342)
	at net.sf.freecol.server.model.ServerPlayer.&lt;init&gt;(ServerPlayer.java:179)
	at net.sf.freecol.util.test.FreeColTestCase.getStandardGame(FreeColTestCase.java:173)
	at net.sf.freecol.util.test.FreeColTestCase.getStandardGame(FreeColTestCase.java:149)
	at net.sf.freecol.util.test.FreeColTestCase.getGame(FreeColTestCase.java:100)
	at net.sf.freecol.common.model.GoodsTest.testSerialize(GoodsTest.java:256)
	at junit.extensions.TestDecorator.basicRun(TestDecorator.java:23)
	at junit.extensions.TestSetup$1.protect(TestSetup.java:23)
	at junit.extensions.TestSetup.run(TestSetup.java:27)
</error>
  </testcase>
  <testcase classname="net.sf.freecol.common.model.GoodsTest" name="testGetOutputType" time="0.0" />
  <testcase classname="net.sf.freecol.common.model.GoodsTest" name="testMilitaryGoods" time="0.0" />
  <testcase classname="net.sf.freecol.common.model.GoodsTest" name="testTradeGoods" time="0.0" />
  <testcase classname="net.sf.freecol.common.model.GoodsTest" name="testProductionChain" time="0.0" />
  <testcase classname="net.sf.freecol.common.model.GoodsTest" name="testAdjustAmount" time="0.001">
    <error type="java.lang.NullPointerException">java.lang.NullPointerException
	at net.sf.freecol.common.model.Player.getUnits(Player.java:1833)
	at net.sf.freecol.common.model.Player$UnitIterator.update(Player.java:218)
	at net.sf.freecol.common.model.Player$UnitIterator.&lt;init&gt;(Player.java:208)
	at net.sf.freecol.common.model.Player.&lt;init&gt;(Player.java:342)
	at net.sf.freecol.server.model.ServerPlayer.&lt;init&gt;(ServerPlayer.java:179)
	at net.sf.freecol.util.test.FreeColTestCase.getStandardGame(FreeColTestCase.java:173)
	at net.sf.freecol.util.test.FreeColTestCase.getStandardGame(FreeColTestCase.java:149)
	at net.sf.freecol.util.test.FreeColTestCase.getGame(FreeColTestCase.java:100)
	at net.sf.freecol.util.test.FreeColTestCase.getTestMap(FreeColTestCase.java:227)
	at net.sf.freecol.common.model.GoodsTest.testAdjustAmount(GoodsTest.java:235)
	at junit.extensions.TestDecorator.basicRun(TestDecorator.java:23)
	at junit.extensions.TestSetup$1.protect(TestSetup.java:23)
	at junit.extensions.TestSetup.run(TestSetup.java:27)
</error>
  </testcase>
  <testcase classname="net.sf.freecol.common.model.GoodsTest" name="testSetOwner" time="0.002">
    <error type="java.lang.NullPointerException">java.lang.NullPointerException
	at net.sf.freecol.common.model.Player.getUnits(Player.java:1833)
	at net.sf.freecol.common.model.Player$UnitIterator.update(Player.java:218)
	at net.sf.freecol.common.model.Player$UnitIterator.&lt;init&gt;(Player.java:208)
	at net.sf.freecol.common.model.Player.&lt;init&gt;(Player.java:342)
	at net.sf.freecol.server.model.ServerPlayer.&lt;init&gt;(ServerPlayer.java:179)
	at net.sf.freecol.util.test.FreeColTestCase.getStandardGame(FreeColTestCase.java:173)
	at net.sf.freecol.util.test.FreeColTestCase.getStandardGame(FreeColTestCase.java:149)
	at net.sf.freecol.util.test.FreeColTestCase.getGame(FreeColTestCase.java:100)
	at net.sf.freecol.util.test.FreeColTestCase.getTestMap(FreeColTestCase.java:209)
	at net.sf.freecol.common.model.GoodsTest.testSetOwner(GoodsTest.java:94)
	at junit.extensions.TestDecorator.basicRun(TestDecorator.java:23)
	at junit.extensions.TestSetup$1.protect(TestSetup.java:23)
	at junit.extensions.TestSetup.run(TestSetup.java:27)
</error>
  </testcase>
  <testcase classname="net.sf.freecol.common.model.GoodsContainerTest" name="testContainer" time="0.0">
    <error type="java.lang.NullPointerException">java.lang.NullPointerException
	at net.sf.freecol.common.model.Player.getUnits(Player.java:1833)
	at net.sf.freecol.common.model.Player$UnitIterator.update(Player.java:218)
	at net.sf.freecol.common.model.Player$UnitIterator.&lt;init&gt;(Player.java:208)
	at net.sf.freecol.common.model.Player.&lt;init&gt;(Player.java:342)
	at net.sf.freecol.server.model.ServerPlayer.&lt;init&gt;(ServerPlayer.java:179)
	at net.sf.freecol.util.test.FreeColTestCase.getStandardGame(FreeColTestCase.java:173)
	at net.sf.freecol.util.test.FreeColTestCase.getStandardGame(FreeColTestCase.java:149)
	at net.sf.freecol.util.test.FreeColTestCase.getGame(FreeColTestCase.java:100)
	at net.sf.freecol.common.model.GoodsContainerTest.testContainer(GoodsContainerTest.java:33)
	at junit.extensions.TestDecorator.basicRun(TestDecorator.java:23)
	at junit.extensions.TestSetup$1.protect(TestSetup.java:23)
	at junit.extensions.TestSetup.run(TestSetup.java:27)
</error>
  </testcase>
  <testcase classname="net.sf.freecol.common.model.IndianSettlementTest" name="testAutomaticEquipBraves" time="0.001">
    <error type="java.lang.NullPointerException">java.lang.NullPointerException
	at net.sf.freecol.common.model.Player.getUnits(Player.java:1833)
	at net.sf.freecol.common.model.Player$UnitIterator.update(Player.java:218)
	at net.sf.freecol.common.model.Player$UnitIterator.&lt;init&gt;(Player.java:208)
	at net.sf.freecol.common.model.Player.&lt;init&gt;(Player.java:342)
	at net.sf.freecol.server.model.ServerPlayer.&lt;init&gt;(ServerPlayer.java:179)
	at net.sf.freecol.util.test.FreeColTestCase.getStandardGame(FreeColTestCase.java:173)
	at net.sf.freecol.util.test.FreeColTestCase.getStandardGame(FreeColTestCase.java:149)
	at net.sf.freecol.common.model.IndianSettlementTest.testAutomaticEquipBraves(IndianSettlementTest.java:39)
	at junit.extensions.TestDecorator.basicRun(TestDecorator.java:23)
	at junit.extensions.TestSetup$1.protect(TestSetup.java:23)
	at junit.extensions.TestSetup.run(TestSetup.java:27)
</error>
  </testcase>
[...]
INFO: Destroying: tileImprovement:36399
May 15, 2017 11:26:52 PM net.sf.freecol.common.util.LogBuilder log
INFO: Destroying: tileImprovement:36400
May 15, 2017 11:26:52 PM net.sf.freecol.common.util.LogBuilder log
INFO: Destroying: tileImprovement:36401
May 15, 2017 11:26:52 PM net.sf.freecol.common.util.LogBuilder log
INFO: Destroying: tileImprovement:36402
May 15, 2017 11:26:52 PM net.sf.freecol.common.util.LogBuilder log
INFO: Destroying: tileImprovement:36403
May 15, 2017 11:26:52 PM net.sf.freecol.common.util.LogBuilder log
INFO: Destroying: tileImprovement:36404
May 15, 2017 11:26:52 PM net.sf.freecol.common.util.LogBuilder log
INFO: Destroying: tileImprovement:36405
May 15, 2017 11:26:52 PM net.sf.freecol.common.util.LogBuilder log
INFO: Destroying: tileImprovement:36406
May 15, 2017 11:26:52 PM net.sf.freecol.common.util.LogBuilder log
INFO: Destroying: tileImprovement:36407
May 15, 2017 11:26:52 PM net.sf.freecol.common.util.LogBuilder log
INFO: Destroying: tileImprovement:36408
May 15, 2017 11:26:52 PM net.sf.freecol.common.util.LogBuilder log
INFO: Destroying: tileImprovement:36409
May 15, 2017 11:26:52 PM net.sf.freecol.common.util.LogBuilder log
INFO: Destroying: tileImprovement:36590
May 15, 2017 11:26:52 PM net.sf.freecol.common.util.LogBuilder log
INFO: Destroying: tileImprovement:36591
May 15, 2017 11:26:52 PM net.sf.freecol.common.util.LogBuilder log
INFO: Destroying: tileImprovement:36592
May 15, 2017 11:26:52 PM net.sf.freecol.common.util.LogBuilder log
INFO: Destroying: tileImprovement:36593
May 15, 2017 11:26:52 PM net.sf.freecol.common.util.LogBuilder log
INFO: Destroying: tileImprovement:36594
May 15, 2017 11:26:52 PM net.sf.freecol.common.util.LogBuilder log
INFO: Destroying: tileImprovement:36595
May 15, 2017 11:26:52 PM net.sf.freecol.common.util.LogBuilder log
INFO: Destroying: tileImprovement:36596
May 15, 2017 11:26:52 PM net.sf.freecol.common.util.LogBuilder log
INFO: Destroying: tileImprovement:36597
May 15, 2017 11:26:52 PM net.sf.freecol.common.util.LogBuilder log
INFO: Destroying: tileImprovement:36598
May 15, 2017 11:26:52 PM net.sf.freecol.common.util.LogBuilder log
INFO: Destroying: tileImprovement:36599
May 15, 2017 11:26:52 PM net.sf.freecol.common.util.LogBuilder log
INFO: Destroying: tileImprovement:36600
May 15, 2017 11:26:52 PM net.sf.freecol.common.util.LogBuilder log
INFO: Destroying: tileImprovement:36601
May 15, 2017 11:26:52 PM net.sf.freecol.common.util.LogBuilder log
INFO: Destroying: tileImprovement:36602
May 15, 2017 11:26:52 PM net.sf.freecol.common.util.LogBuilder log
INFO: Destroying: tileImprovement:36013
May 15, 2017 11:26:52 PM net.sf.freecol.common.util.LogBuilder log
INFO: Destroying: tileImprovement:36014
May 15, 2017 11:26:52 PM net.sf.freecol.common.util.LogBuilder log
INFO: Destroying: tileImprovement:36015
May 15, 2017 11:26:52 PM net.sf.freecol.common.util.LogBuilder log
INFO: Destroying: tileImprovement:36016
May 15, 2017 11:26:52 PM net.sf.freecol.common.util.LogBuilder log
INFO: Destroying: tileImprovement:36017
May 15, 2017 11:26:52 PM net.sf.freecol.common.util.LogBuilder log
INFO: Destroying: tileImprovement:36551
May 15, 2017 11:26:52 PM net.sf.freecol.common.util.LogBuilder log
INFO: Destroying: tileImprovement:36553
May 15, 2017 11:26:52 PM net.sf.freecol.common.util.LogBuilder log
INFO: Destroying: tileImprovement:36555
May 15, 2017 11:26:52 PM net.sf.freecol.common.util.LogBuilder log
INFO: Destroying: tileImprovement:36557
May 15, 2017 11:26:52 PM net.sf.freecol.common.util.LogBuilder log
INFO: Destroying: tileImprovement:36549
May 15, 2017 11:26:52 PM net.sf.freecol.common.util.LogBuilder log
INFO: Destroying: tileImprovement:36631
May 15, 2017 11:26:52 PM net.sf.freecol.common.util.LogBuilder log
INFO: Destroying: tileImprovement:36633
May 15, 2017 11:26:52 PM net.sf.freecol.common.util.LogBuilder log
INFO: Destroying: tileImprovement:36635
May 15, 2017 11:26:52 PM net.sf.freecol.common.util.LogBuilder log
INFO: Destroying: tileImprovement:36629
May 15, 2017 11:26:52 PM net.sf.freecol.common.util.LogBuilder log
INFO: Destroying: tileImprovement:36630
May 15, 2017 11:26:52 PM net.sf.freecol.common.util.LogBuilder log
INFO: Destroying: tileImprovement:36429
May 15, 2017 11:26:52 PM net.sf.freecol.common.util.LogBuilder log
INFO: Destroying: tileImprovement:36431
May 15, 2017 11:26:52 PM net.sf.freecol.common.util.LogBuilder log
INFO: Destroying: tileImprovement:36425
May 15, 2017 11:26:52 PM net.sf.freecol.common.util.LogBuilder log
INFO: Destroying: tileImprovement:36426
May 15, 2017 11:26:52 PM net.sf.freecol.common.util.LogBuilder log
INFO: Destroying: tileImprovement:36427
May 15, 2017 11:26:52 PM net.sf.freecol.common.util.LogBuilder log
INFO: Destroying: tileImprovement:36428
May 15, 2017 11:26:52 PM net.sf.freecol.common.util.LogBuilder log
INFO: Destroying: tileImprovement:36589
May 15, 2017 11:26:52 PM net.sf.freecol.common.util.LogBuilder log
INFO: Destroying: tileImprovement:36436
May 15, 2017 11:26:52 PM net.sf.freecol.common.util.LogBuilder log
INFO: Destroying: tileImprovement:36438
May 15, 2017 11:26:52 PM net.sf.freecol.common.util.LogBuilder log
INFO: Destroying: tileImprovement:36440
May 15, 2017 11:26:52 PM net.sf.freecol.common.util.LogBuilder log
INFO: Destroying: tileImprovement:36442
May 15, 2017 11:26:52 PM net.sf.freecol.common.util.LogBuilder log
INFO: Destroying: tileImprovement:36444
May 15, 2017 11:26:52 PM net.sf.freecol.common.util.LogBuilder log
INFO: Destroying: tileImprovement:36674
May 15, 2017 11:26:52 PM net.sf.freecol.common.util.LogBuilder log
INFO: Destroying: tileImprovement:36676
May 15, 2017 11:26:52 PM net.sf.freecol.common.util.LogBuilder log
INFO: Destroying: tileImprovement:36678
May 15, 2017 11:26:52 PM net.sf.freecol.common.util.LogBuilder log
INFO: Destroying: tileImprovement:36029
May 15, 2017 11:26:52 PM net.sf.freecol.common.util.LogBuilder log
INFO: Destroying: tileImprovement:36031
May 15, 2017 11:26:52 PM net.sf.freecol.common.util.LogBuilder log
INFO: Destroying: tileImprovement:36033
May 15, 2017 11:26:52 PM net.sf.freecol.common.util.LogBuilder log
INFO: Destroying: tileImprovement:36035
May 15, 2017 11:26:52 PM net.sf.freecol.common.util.LogBuilder log
INFO: Destroying: tileImprovement:36037
May 15, 2017 11:26:52 PM net.sf.freecol.common.util.LogBuilder log
INFO: Destroying: tileImprovement:36011
May 15, 2017 11:26:52 PM net.sf.freecol.common.util.LogBuilder log
INFO: Destroying: tileImprovement:36012
May 15, 2017 11:26:52 PM net.sf.freecol.common.model.LandMap <init>
INFO: Using land generator model.option.landGeneratorType.classic
May 15, 2017 11:26:52 PM net.sf.freecol.common.util.LogBuilder log
INFO: Destroying: tileImprovement:4045
May 15, 2017 11:26:52 PM net.sf.freecol.common.util.LogBuilder log
INFO: Destroying: tileImprovement:4047
May 15, 2017 11:26:52 PM net.sf.freecol.common.util.LogBuilder log
INFO: Destroying: tileImprovement:4049
May 15, 2017 11:26:52 PM net.sf.freecol.common.util.LogBuilder log
INFO: Destroying: tileImprovement:4026
May 15, 2017 11:26:52 PM net.sf.freecol.common.util.LogBuilder log
INFO: Destroying: tileImprovement:4028
May 15, 2017 11:26:52 PM net.sf.freecol.common.util.LogBuilder log
INFO: Destroying: tileImprovement:4030
May 15, 2017 11:26:52 PM net.sf.freecol.common.util.LogBuilder log
INFO: Destroying: tileImprovement:4032
May 15, 2017 11:26:52 PM net.sf.freecol.common.util.LogBuilder log
INFO: Destroying: tileImprovement:4034
May 15, 2017 11:26:52 PM net.sf.freecol.common.util.LogBuilder log
INFO: Destroying: tileImprovement:4036
May 15, 2017 11:26:52 PM net.sf.freecol.common.util.LogBuilder log
INFO: Destroying: tileImprovement:4038
May 15, 2017 11:26:52 PM net.sf.freecol.common.util.LogBuilder log
INFO: Destroying: tileImprovement:4181
May 15, 2017 11:26:52 PM net.sf.freecol.common.util.LogBuilder log
INFO: Destroying: tileImprovement:4183
May 15, 2017 11:26:52 PM net.sf.freecol.common.util.LogBuilder log
INFO: Destroying: tileImprovement:4185
May 15, 2017 11:26:52 PM net.sf.freecol.common.util.LogBuilder log
INFO: Destroying: tileImprovement:4187
May 15, 2017 11:26:52 PM net.sf.freecol.common.util.LogBuilder log
INFO: Destroying: tileImprovement:4189
May 15, 2017 11:26:52 PM net.sf.freecol.common.util.LogBuilder log
INFO: Destroying: tileImprovement:4191
May 15, 2017 11:26:52 PM net.sf.freecol.common.util.LogBuilder log
INFO: Destroying: tileImprovement:4215
May 15, 2017 11:26:52 PM net.sf.freecol.common.util.LogBuilder log
INFO: Destroying: tileImprovement:4216
May 15, 2017 11:26:52 PM net.sf.freecol.common.util.LogBuilder log
INFO: Destroying: tileImprovement:4217
May 15, 2017 11:26:52 PM net.sf.freecol.common.util.LogBuilder log
INFO: Destroying: tileImprovement:4218
May 15, 2017 11:26:52 PM net.sf.freecol.common.util.LogBuilder log
INFO: Destroying: tileImprovement:4219
May 15, 2017 11:26:52 PM net.sf.freecol.common.util.LogBuilder log
INFO: Destroying: tileImprovement:4220
May 15, 2017 11:26:52 PM net.sf.freecol.common.util.LogBuilder log
INFO: Destroying: tileImprovement:4221
May 15, 2017 11:26:52 PM net.sf.freecol.common.util.LogBuilder log
INFO: Destroying: tileImprovement:4239
May 15, 2017 11:26:52 PM net.sf.freecol.common.util.LogBuilder log
INFO: Destroying: tileImprovement:4241
May 15, 2017 11:26:52 PM net.sf.freecol.common.util.LogBuilder log
INFO: Destroying: tileImprovement:4243
May 15, 2017 11:26:52 PM net.sf.freecol.common.util.LogBuilder log
INFO: Destroying: tileImprovement:4233
May 15, 2017 11:26:52 PM net.sf.freecol.common.util.LogBuilder log
INFO: Destroying: tileImprovement:4234
May 15, 2017 11:26:52 PM net.sf.freecol.common.util.LogBuilder log
INFO: Destroying: tileImprovement:4235
May 15, 2017 11:26:52 PM net.sf.freecol.common.util.LogBuilder log
INFO: Destroying: tileImprovement:4236
May 15, 2017 11:26:52 PM net.sf.freecol.common.util.LogBuilder log
INFO: Destroying: tileImprovement:4237
May 15, 2017 11:26:52 PM net.sf.freecol.common.util.LogBuilder log
INFO: Destroying: tileImprovement:4238
May 15, 2017 11:26:52 PM net.sf.freecol.common.util.LogBuilder log
INFO: Destroying: tileImprovement:4162
May 15, 2017 11:26:52 PM net.sf.freecol.common.util.LogBuilder log
INFO: Destroying: tileImprovement:4164
May 15, 2017 11:26:52 PM net.sf.freecol.common.util.LogBuilder log
INFO: Destroying: tileImprovement:4166
May 15, 2017 11:26:52 PM net.sf.freecol.common.util.LogBuilder log
INFO: Destroying: tileImprovement:4168
May 15, 2017 11:26:52 PM net.sf.freecol.common.util.LogBuilder log
INFO: Destroying: tileImprovement:4041
May 15, 2017 11:26:52 PM net.sf.freecol.common.util.LogBuilder log
INFO: Destroying: tileImprovement:4043
May 15, 2017 11:26:52 PM net.sf.freecol.common.util.LogBuilder log
INFO: Destroying: tileImprovement:4196
May 15, 2017 11:26:52 PM net.sf.freecol.common.util.LogBuilder log
INFO: Destroying: tileImprovement:4197
May 15, 2017 11:26:52 PM net.sf.freecol.common.util.LogBuilder log
INFO: Destroying: tileImprovement:4198
May 15, 2017 11:26:52 PM net.sf.freecol.common.util.LogBuilder log
INFO: Destroying: tileImprovement:4171
May 15, 2017 11:26:52 PM net.sf.freecol.common.util.LogBuilder log
INFO: Destroying: tileImprovement:4173
May 15, 2017 11:26:52 PM net.sf.freecol.common.util.LogBuilder log
INFO: Destroying: tileImprovement:4175
May 15, 2017 11:26:52 PM net.sf.freecol.common.util.LogBuilder log
INFO: Destroying: tileImprovement:4136
May 15, 2017 11:26:52 PM net.sf.freecol.common.util.LogBuilder log
INFO: Destroying: tileImprovement:4138
May 15, 2017 11:26:52 PM net.sf.freecol.common.util.LogBuilder log
INFO: Destroying: tileImprovement:4140
May 15, 2017 11:26:52 PM net.sf.freecol.common.util.LogBuilder log
INFO: Destroying: tileImprovement:4142
May 15, 2017 11:26:52 PM net.sf.freecol.common.util.LogBuilder log
INFO: Destroying: tileImprovement:4144
May 15, 2017 11:26:52 PM net.sf.freecol.common.util.LogBuilder log
INFO: Destroying: tileImprovement:4146
May 15, 2017 11:26:52 PM net.sf.freecol.common.util.LogBuilder log
INFO: Destroying: tileImprovement:4148
May 15, 2017 11:26:52 PM net.sf.freecol.common.util.LogBuilder log
INFO: Destroying: tileImprovement:4150
May 15, 2017 11:26:52 PM net.sf.freecol.common.util.LogBuilder log
INFO: Destroying: tileImprovement:4152
May 15, 2017 11:26:52 PM net.sf.freecol.common.util.LogBuilder log
INFO: Destroying: tileImprovement:4154
May 15, 2017 11:26:52 PM net.sf.freecol.common.util.LogBuilder log
INFO: Destroying: tileImprovement:4156
May 15, 2017 11:26:52 PM net.sf.freecol.common.util.LogBuilder log
INFO: Destroying: tileImprovement:4158
May 15, 2017 11:26:52 PM net.sf.freecol.common.util.LogBuilder log
INFO: Destroying: tileImprovement:4160
May 15, 2017 11:26:52 PM net.sf.freecol.common.util.LogBuilder log
INFO: Destroying: tileImprovement:4342
May 15, 2017 11:26:52 PM net.sf.freecol.common.util.LogBuilder log
INFO: Destroying: tileImprovement:4343
May 15, 2017 11:26:52 PM net.sf.freecol.common.util.LogBuilder log
INFO: Destroying: tileImprovement:4344
May 15, 2017 11:26:52 PM net.sf.freecol.common.util.LogBuilder log
INFO: Destroying: tileImprovement:4345
May 15, 2017 11:26:52 PM net.sf.freecol.common.util.LogBuilder log
INFO: Destroying: tileImprovement:4493
May 15, 2017 11:26:52 PM net.sf.freecol.common.util.LogBuilder log
INFO: Destroying: tileImprovement:4495
May 15, 2017 11:26:52 PM net.sf.freecol.common.util.LogBuilder log
INFO: Destroying: tileImprovement:4497
May 15, 2017 11:26:52 PM net.sf.freecol.common.util.LogBuilder log
INFO: Destroying: tileImprovement:4499
May 15, 2017 11:26:52 PM net.sf.freecol.common.util.LogBuilder log
INFO: Destroying: tileImprovement:4501
May 15, 2017 11:26:52 PM net.sf.freecol.common.util.LogBuilder log
INFO: Destroying: tileImprovement:4503
May 15, 2017 11:26:52 PM net.sf.freecol.common.util.LogBuilder log
INFO: Destroying: tileImprovement:4505
May 15, 2017 11:26:52 PM net.sf.freecol.common.util.LogBuilder log
INFO: Destroying: tileImprovement:4507
May 15, 2017 11:26:52 PM net.sf.freecol.common.util.LogBuilder log
INFO: Destroying: tileImprovement:4485
May 15, 2017 11:26:52 PM net.sf.freecol.common.util.LogBuilder log
INFO: Destroying: tileImprovement:4487
May 15, 2017 11:26:52 PM net.sf.freecol.common.util.LogBuilder log
INFO: Destroying: tileImprovement:4489
May 15, 2017 11:26:52 PM net.sf.freecol.common.util.LogBuilder log
INFO: Destroying: tileImprovement:4491
May 15, 2017 11:26:52 PM net.sf.freecol.common.util.LogBuilder log
INFO: Destroying: tileImprovement:4529
May 15, 2017 11:26:52 PM net.sf.freecol.common.util.LogBuilder log
INFO: Destroying: tileImprovement:4530
May 15, 2017 11:26:52 PM net.sf.freecol.common.util.LogBuilder log
INFO: Destroying: tileImprovement:4531
May 15, 2017 11:26:52 PM net.sf.freecol.common.util.LogBuilder log
INFO: Destroying: tileImprovement:4532
May 15, 2017 11:26:52 PM net.sf.freecol.common.util.LogBuilder log
INFO: Destroying: tileImprovement:4533
May 15, 2017 11:26:52 PM net.sf.freecol.common.util.LogBuilder log
INFO: Destroying: tileImprovement:4534
May 15, 2017 11:26:52 PM net.sf.freecol.common.util.LogBuilder log
INFO: Destroying: tileImprovement:4535
May 15, 2017 11:26:52 PM net.sf.freecol.common.util.LogBuilder log
INFO: Destroying: tileImprovement:4536
May 15, 2017 11:26:52 PM net.sf.freecol.common.util.LogBuilder log
INFO: Destroying: tileImprovement:4355
May 15, 2017 11:26:52 PM net.sf.freecol.common.util.LogBuilder log
INFO: Destroying: tileImprovement:4356
May 15, 2017 11:26:52 PM net.sf.freecol.common.util.LogBuilder log
INFO: Destroying: tileImprovement:4465
May 15, 2017 11:26:52 PM net.sf.freecol.common.util.LogBuilder log
INFO: Destroying: tileImprovement:4467
May 15, 2017 11:26:52 PM net.sf.freecol.common.util.LogBuilder log
INFO: Destroying: tileImprovement:4469
May 15, 2017 11:26:52 PM net.sf.freecol.common.util.LogBuilder log
INFO: Destroying: tileImprovement:4471
May 15, 2017 11:26:52 PM net.sf.freecol.common.util.LogBuilder log
INFO: Destroying: tileImprovement:4473
May 15, 2017 11:26:52 PM net.sf.freecol.common.util.LogBuilder log
INFO: Destroying: tileImprovement:4475
May 15, 2017 11:26:52 PM net.sf.freecol.common.util.LogBuilder log
INFO: Destroying: tileImprovement:4452
May 15, 2017 11:26:52 PM net.sf.freecol.common.util.LogBuilder log
INFO: Destroying: tileImprovement:4453
May 15, 2017 11:26:52 PM net.sf.freecol.common.util.LogBuilder log
INFO: Destroying: tileImprovement:4454
May 15, 2017 11:26:52 PM net.sf.freecol.common.util.LogBuilder log
INFO: Destroying: tileImprovement:4455
May 15, 2017 11:26:52 PM net.sf.freecol.common.util.LogBuilder log
INFO: Destroying: tileImprovement:4456
May 15, 2017 11:26:52 PM net.sf.freecol.common.util.LogBuilder log
INFO: Destroying: tileImprovement:4457
May 15, 2017 11:26:52 PM net.sf.freecol.common.util.LogBuilder log
INFO: Destroying: tileImprovement:4458
May 15, 2017 11:26:52 PM net.sf.freecol.common.util.LogBuilder log
INFO: Destroying: tileImprovement:4459
May 15, 2017 11:26:52 PM net.sf.freecol.common.util.LogBuilder log
INFO: Destroying: tileImprovement:4460
May 15, 2017 11:26:52 PM net.sf.freecol.common.util.LogBuilder log
INFO: Destroying: tileImprovement:4461
May 15, 2017 11:26:52 PM net.sf.freecol.common.util.LogBuilder log
INFO: Destroying: tileImprovement:4462
May 15, 2017 11:26:52 PM net.sf.freecol.common.util.LogBuilder log
INFO: Destroying: tileImprovement:4463
May 15, 2017 11:26:52 PM net.sf.freecol.common.util.LogBuilder log
INFO: Destroying: tileImprovement:4464
May 15, 2017 11:26:52 PM net.sf.freecol.common.util.LogBuilder log
INFO: Destroying: tileImprovement:4280
May 15, 2017 11:26:52 PM net.sf.freecol.common.util.LogBuilder log
INFO: Destroying: tileImprovement:4282
May 15, 2017 11:26:52 PM net.sf.freecol.common.util.LogBuilder log
INFO: Destroying: tileImprovement:4284
May 15, 2017 11:26:52 PM net.sf.freecol.common.util.LogBuilder log
INFO: Destroying: tileImprovement:4573
May 15, 2017 11:26:52 PM net.sf.freecol.common.util.LogBuilder log
INFO: Destroying: tileImprovement:4575
May 15, 2017 11:26:52 PM net.sf.freecol.common.util.LogBuilder log
INFO: Destroying: tileImprovement:4577
May 15, 2017 11:26:52 PM net.sf.freecol.common.util.LogBuilder log
INFO: Destroying: tileImprovement:4268
May 15, 2017 11:26:52 PM net.sf.freecol.common.util.LogBuilder log
INFO: Destroying: tileImprovement:4270
May 15, 2017 11:26:52 PM net.sf.freecol.common.util.LogBuilder log
INFO: Destroying: tileImprovement:4272
May 15, 2017 11:26:52 PM net.sf.freecol.common.util.LogBuilder log
INFO: Destroying: tileImprovement:4715
May 15, 2017 11:26:52 PM net.sf.freecol.common.util.LogBuilder log
INFO: Destroying: tileImprovement:4716
May 15, 2017 11:26:52 PM net.sf.freecol.common.util.LogBuilder log
INFO: Destroying: tileImprovement:4717
May 15, 2017 11:26:52 PM net.sf.freecol.common.util.LogBuilder log
INFO: Destroying: tileImprovement:4699
May 15, 2017 11:26:52 PM net.sf.freecol.common.util.LogBuilder log
INFO: Destroying: tileImprovement:4701
May 15, 2017 11:26:52 PM net.sf.freecol.common.util.LogBuilder log
INFO: Destroying: tileImprovement:4696
May 15, 2017 11:26:52 PM net.sf.freecol.common.util.LogBuilder log
INFO: Destroying: tileImprovement:4697
May 15, 2017 11:26:52 PM net.sf.freecol.common.util.LogBuilder log
INFO: Destroying: tileImprovement:4698
May 15, 2017 11:26:52 PM net.sf.freecol.common.util.LogBuilder log
INFO: Destroying: tileImprovement:4222
May 15, 2017 11:26:52 PM net.sf.freecol.common.util.LogBuilder log
INFO: Destroying: tileImprovement:4224
May 15, 2017 11:26:52 PM net.sf.freecol.common.util.LogBuilder log
INFO: Destroying: tileImprovement:4226
May 15, 2017 11:26:52 PM net.sf.freecol.common.util.LogBuilder log
INFO: Destroying: tileImprovement:4228
May 15, 2017 11:26:52 PM net.sf.freecol.common.util.LogBuilder log
INFO: Destroying: tileImprovement:4230
May 15, 2017 11:26:52 PM net.sf.freecol.common.util.LogBuilder log
INFO: Destroying: tileImprovement:4569
May 15, 2017 11:26:52 PM net.sf.freecol.common.util.LogBuilder log
INFO: Destroying: tileImprovement:4571
]]></system-err>
</testsuite>
